<?xml version="1.0" encoding="utf-8"?>
<CoverageSession xmlns:xsd="http://www.w3.org/2001/XMLSchema" xmlns:xsi="http://www.w3.org/2001/XMLSchema-instance" Version="0.0.0.0">
  <Summary numSequencePoints="171" visitedSequencePoints="149" numBranchPoints="0" visitedBranchPoints="0" sequenceCoverage="87.13" branchCoverage="0.0" maxCyclomaticComplexity="0" minCyclomaticComplexity="0" maxCrapScore="0" minCrapScore="0" visitedClasses="3" numClasses="3" visitedMethods="22" numMethods="22" />
  <Modules>
    <Module>
      <Summary numSequencePoints="171" visitedSequencePoints="149" numBranchPoints="0" visitedBranchPoints="0" sequenceCoverage="87.13" branchCoverage="0.0" maxCyclomaticComplexity="0" minCyclomaticComplexity="0" maxCrapScore="0" minCrapScore="0" visitedClasses="3" numClasses="3" visitedMethods="22" numMethods="22" />
      <ModuleTime>0001-01-01T00:00:00</ModuleTime>
      <ModuleName>Scripts</ModuleName>
      <Files>
        <File uid="1" fullPath="C:/Users/akmoi/Desktop/unity6.3/MindScapeVR/Assets/Scripts/AudioGenClient.cs" />
        <File uid="2" fullPath="C:/Users/akmoi/Desktop/unity6.3/MindScapeVR/Assets/Scripts/FreeCam.cs" />
        <File uid="3" fullPath="C:/Users/akmoi/Desktop/unity6.3/MindScapeVR/Assets/Scripts/Hunyuan3DClient.cs" />
        <File uid="4" fullPath="C:/Users/akmoi/Desktop/unity6.3/MindScapeVR/Assets/Scripts/HunyuanWorldClient.cs" />
        <File uid="5" fullPath="C:/Users/akmoi/Desktop/unity6.3/MindScapeVR/Assets/Scripts/InteractionController.cs" />
        <File uid="6" fullPath="C:/Users/akmoi/Desktop/unity6.3/MindScapeVR/Assets/Scripts/LevelManager.cs" />
        <File uid="7" fullPath="C:/Users/akmoi/Desktop/unity6.3/MindScapeVR/Assets/Scripts/LevelSaveSystem.cs" />
        <File uid="8" fullPath="C:/Users/akmoi/Desktop/unity6.3/MindScapeVR/Assets/Scripts/LookAtCamera.cs" />
        <File uid="9" fullPath="C:/Users/akmoi/Desktop/unity6.3/MindScapeVR/Assets/Scripts/MainMenu.cs" />
        <File uid="10" fullPath="C:/Users/akmoi/Desktop/unity6.3/MindScapeVR/Assets/Scripts/MindfulnessAudioManager.cs" />
        <File uid="11" fullPath="C:/Users/akmoi/Desktop/unity6.3/MindScapeVR/Assets/Scripts/RandomizeAudio.cs" />
        <File uid="12" fullPath="C:/Users/akmoi/Desktop/unity6.3/MindScapeVR/Assets/Scripts/RotatingCamera.cs" />
        <File uid="13" fullPath="C:/Users/akmoi/Desktop/unity6.3/MindScapeVR/Assets/Scripts/SceneLightUIController.cs" />
        <File uid="14" fullPath="C:/Users/akmoi/Desktop/unity6.3/MindScapeVR/Assets/Scripts/StateManager.cs" />
      </Files>
      <Classes>
        <Class>
          <Summary numSequencePoints="151" visitedSequencePoints="134" numBranchPoints="0" visitedBranchPoints="0" sequenceCoverage="88.74" branchCoverage="0.0" maxCyclomaticComplexity="0" minCyclomaticComplexity="0" maxCrapScore="0" minCrapScore="0" visitedClasses="1" numClasses="1" visitedMethods="17" numMethods="17" />
          <FullName>InteractionController</FullName>
          <Methods>
            <Method visited="true" cyclomaticComplexity="0" nPathComplexity="0" sequenceCoverage="100.0" branchCoverage="0" crapScore="0" isConstructor="false" isStatic="false" isGetter="false" isSetter="false">
              <Summary numSequencePoints="13" visitedSequencePoints="13" numBranchPoints="0" visitedBranchPoints="0" sequenceCoverage="100.0" branchCoverage="0" maxCyclomaticComplexity="0" minCyclomaticComplexity="0" maxCrapScore="0" minCrapScore="0" visitedClasses="0" numClasses="0" visitedMethods="1" numMethods="1" />
              <MetadataToken>100663342</MetadataToken>
              <Name>System.Void InteractionController::Awake()</Name>
              <FileRef uid="5" />
              <SequencePoints>
                <SequencePoint vc="16" uspid="1511" ordinal="0" offset="0" sl="38" sc="5" el="38" ec="5" bec="0" bev="0" fileid="5" />
                <SequencePoint vc="16" uspid="1512" ordinal="0" offset="1" sl="39" sc="9" el="39" ec="9" bec="0" bev="0" fileid="5" />
                <SequencePoint vc="16" uspid="1513" ordinal="0" offset="12" sl="41" sc="9" el="41" ec="9" bec="0" bev="0" fileid="5" />
                <SequencePoint vc="16" uspid="1514" ordinal="0" offset="49" sl="43" sc="9" el="43" ec="9" bec="0" bev="0" fileid="5" />
                <SequencePoint vc="16" uspid="1515" ordinal="0" offset="86" sl="46" sc="9" el="46" ec="9" bec="0" bev="0" fileid="5" />
                <SequencePoint vc="16" uspid="1516" ordinal="0" offset="123" sl="59" sc="9" el="59" ec="9" bec="0" bev="0" fileid="5" />
                <SequencePoint vc="16" uspid="1517" ordinal="0" offset="160" sl="61" sc="9" el="61" ec="9" bec="0" bev="0" fileid="5" />
                <SequencePoint vc="16" uspid="1518" ordinal="0" offset="197" sl="62" sc="9" el="62" ec="9" bec="0" bev="0" fileid="5" />
                <SequencePoint vc="16" uspid="1519" ordinal="0" offset="234" sl="64" sc="9" el="64" ec="9" bec="0" bev="0" fileid="5" />
                <SequencePoint vc="16" uspid="1520" ordinal="0" offset="271" sl="66" sc="9" el="66" ec="9" bec="0" bev="0" fileid="5" />
                <SequencePoint vc="16" uspid="1521" ordinal="0" offset="308" sl="69" sc="9" el="69" ec="9" bec="0" bev="0" fileid="5" />
                <SequencePoint vc="16" uspid="1522" ordinal="0" offset="345" sl="71" sc="9" el="71" ec="9" bec="0" bev="0" fileid="5" />
                <SequencePoint vc="16" uspid="1523" ordinal="0" offset="382" sl="73" sc="5" el="73" ec="5" bec="0" bev="0" fileid="5" />
              </SequencePoints>
              <BranchPoints />
            </Method>
            <Method visited="true" cyclomaticComplexity="0" nPathComplexity="0" sequenceCoverage="100.0" branchCoverage="0" crapScore="0" isConstructor="false" isStatic="false" isGetter="false" isSetter="false">
              <Summary numSequencePoints="1" visitedSequencePoints="1" numBranchPoints="0" visitedBranchPoints="0" sequenceCoverage="100.0" branchCoverage="0" maxCyclomaticComplexity="0" minCyclomaticComplexity="0" maxCrapScore="0" minCrapScore="0" visitedClasses="0" numClasses="0" visitedMethods="1" numMethods="1" />
              <MetadataToken>100663343</MetadataToken>
              <Name>System.Void InteractionController::OnEnable()</Name>
              <FileRef uid="5" />
              <SequencePoints>
                <SequencePoint vc="16" uspid="1524" ordinal="0" offset="0" sl="75" sc="32" el="75" ec="32" bec="0" bev="0" fileid="5" />
              </SequencePoints>
              <BranchPoints />
            </Method>
            <Method visited="true" cyclomaticComplexity="0" nPathComplexity="0" sequenceCoverage="100.0" branchCoverage="0" crapScore="0" isConstructor="false" isStatic="false" isGetter="false" isSetter="false">
              <Summary numSequencePoints="1" visitedSequencePoints="1" numBranchPoints="0" visitedBranchPoints="0" sequenceCoverage="100.0" branchCoverage="0" maxCyclomaticComplexity="0" minCyclomaticComplexity="0" maxCrapScore="0" minCrapScore="0" visitedClasses="0" numClasses="0" visitedMethods="1" numMethods="1" />
              <MetadataToken>100663344</MetadataToken>
              <Name>System.Void InteractionController::OnDisable()</Name>
              <FileRef uid="5" />
              <SequencePoints>
                <SequencePoint vc="16" uspid="1525" ordinal="0" offset="0" sl="76" sc="33" el="76" ec="33" bec="0" bev="0" fileid="5" />
              </SequencePoints>
              <BranchPoints />
            </Method>
            <Method visited="true" cyclomaticComplexity="0" nPathComplexity="0" sequenceCoverage="100.0" branchCoverage="0" crapScore="0" isConstructor="false" isStatic="false" isGetter="false" isSetter="false">
              <Summary numSequencePoints="6" visitedSequencePoints="6" numBranchPoints="0" visitedBranchPoints="0" sequenceCoverage="100.0" branchCoverage="0" maxCyclomaticComplexity="0" minCyclomaticComplexity="0" maxCrapScore="0" minCrapScore="0" visitedClasses="0" numClasses="0" visitedMethods="1" numMethods="1" />
              <MetadataToken>100663345</MetadataToken>
              <Name>System.Void InteractionController::Start()</Name>
              <FileRef uid="5" />
              <SequencePoints>
                <SequencePoint vc="16" uspid="1526" ordinal="0" offset="0" sl="79" sc="5" el="79" ec="5" bec="0" bev="0" fileid="5" />
                <SequencePoint vc="16" uspid="1527" ordinal="0" offset="1" sl="80" sc="9" el="80" ec="9" bec="0" bev="0" fileid="5" />
                <SequencePoint vc="6" uspid="1528" ordinal="0" offset="16" sl="80" sc="22" el="80" ec="22" bec="0" bev="0" fileid="5" />
                <SequencePoint vc="16" uspid="1529" ordinal="0" offset="29" sl="81" sc="9" el="81" ec="9" bec="0" bev="0" fileid="5" />
                <SequencePoint vc="6" uspid="1530" ordinal="0" offset="44" sl="81" sc="23" el="81" ec="23" bec="0" bev="0" fileid="5" />
                <SequencePoint vc="16" uspid="1531" ordinal="0" offset="57" sl="82" sc="5" el="82" ec="5" bec="0" bev="0" fileid="5" />
              </SequencePoints>
              <BranchPoints />
            </Method>
            <Method visited="true" cyclomaticComplexity="0" nPathComplexity="0" sequenceCoverage="100.0" branchCoverage="0" crapScore="0" isConstructor="false" isStatic="false" isGetter="false" isSetter="false">
              <Summary numSequencePoints="14" visitedSequencePoints="14" numBranchPoints="0" visitedBranchPoints="0" sequenceCoverage="100.0" branchCoverage="0" maxCyclomaticComplexity="0" minCyclomaticComplexity="0" maxCrapScore="0" minCrapScore="0" visitedClasses="0" numClasses="0" visitedMethods="1" numMethods="1" />
              <MetadataToken>100663346</MetadataToken>
              <Name>System.Void InteractionController::EnableInteraction(System.Boolean)</Name>
              <FileRef uid="5" />
              <SequencePoints>
                <SequencePoint vc="2" uspid="1532" ordinal="0" offset="0" sl="85" sc="5" el="85" ec="5" bec="0" bev="0" fileid="5" />
                <SequencePoint vc="2" uspid="1533" ordinal="0" offset="1" sl="86" sc="9" el="86" ec="9" bec="0" bev="0" fileid="5" />
                <SequencePoint vc="1" uspid="1534" ordinal="0" offset="6" sl="87" sc="9" el="87" ec="9" bec="0" bev="0" fileid="5" />
                <SequencePoint vc="1" uspid="1535" ordinal="0" offset="7" sl="88" sc="13" el="88" ec="13" bec="0" bev="0" fileid="5" />
                <SequencePoint vc="1" uspid="1536" ordinal="0" offset="19" sl="89" sc="9" el="89" ec="9" bec="0" bev="0" fileid="5" />
                <SequencePoint vc="1" uspid="1537" ordinal="0" offset="22" sl="91" sc="9" el="91" ec="9" bec="0" bev="0" fileid="5" />
                <SequencePoint vc="1" uspid="1538" ordinal="0" offset="23" sl="92" sc="13" el="92" ec="13" bec="0" bev="0" fileid="5" />
                <SequencePoint vc="1" uspid="1539" ordinal="0" offset="35" sl="98" sc="13" el="98" ec="13" bec="0" bev="0" fileid="5" />
                <SequencePoint vc="1" uspid="1540" ordinal="0" offset="42" sl="99" sc="13" el="99" ec="13" bec="0" bev="0" fileid="5" />
                <SequencePoint vc="1" uspid="1541" ordinal="0" offset="57" sl="99" sc="26" el="99" ec="26" bec="0" bev="0" fileid="5" />
                <SequencePoint vc="1" uspid="1542" ordinal="0" offset="70" sl="100" sc="13" el="100" ec="13" bec="0" bev="0" fileid="5" />
                <SequencePoint vc="1" uspid="1543" ordinal="0" offset="85" sl="100" sc="27" el="100" ec="27" bec="0" bev="0" fileid="5" />
                <SequencePoint vc="1" uspid="1544" ordinal="0" offset="98" sl="101" sc="9" el="101" ec="9" bec="0" bev="0" fileid="5" />
                <SequencePoint vc="2" uspid="1545" ordinal="0" offset="99" sl="102" sc="5" el="102" ec="5" bec="0" bev="0" fileid="5" />
              </SequencePoints>
              <BranchPoints />
            </Method>
            <Method visited="true" cyclomaticComplexity="0" nPathComplexity="0" sequenceCoverage="100.0" branchCoverage="0" crapScore="0" isConstructor="false" isStatic="false" isGetter="false" isSetter="false">
              <Summary numSequencePoints="5" visitedSequencePoints="5" numBranchPoints="0" visitedBranchPoints="0" sequenceCoverage="100.0" branchCoverage="0" maxCyclomaticComplexity="0" minCyclomaticComplexity="0" maxCrapScore="0" minCrapScore="0" visitedClasses="0" numClasses="0" visitedMethods="1" numMethods="1" />
              <MetadataToken>100663347</MetadataToken>
              <Name>System.Void InteractionController::Update()</Name>
              <FileRef uid="5" />
              <SequencePoints>
                <SequencePoint vc="16" uspid="1546" ordinal="0" offset="0" sl="105" sc="5" el="105" ec="5" bec="0" bev="0" fileid="5" />
                <SequencePoint vc="16" uspid="1547" ordinal="0" offset="1" sl="106" sc="9" el="106" ec="9" bec="0" bev="0" fileid="5" />
                <SequencePoint vc="16" uspid="1548" ordinal="0" offset="8" sl="107" sc="9" el="107" ec="9" bec="0" bev="0" fileid="5" />
                <SequencePoint vc="16" uspid="1549" ordinal="0" offset="15" sl="108" sc="9" el="108" ec="9" bec="0" bev="0" fileid="5" />
                <SequencePoint vc="16" uspid="1550" ordinal="0" offset="22" sl="109" sc="5" el="109" ec="5" bec="0" bev="0" fileid="5" />
              </SequencePoints>
              <BranchPoints />
            </Method>
            <Method visited="true" cyclomaticComplexity="0" nPathComplexity="0" sequenceCoverage="80.95" branchCoverage="0" crapScore="0" isConstructor="false" isStatic="false" isGetter="false" isSetter="false">
              <Summary numSequencePoints="21" visitedSequencePoints="17" numBranchPoints="0" visitedBranchPoints="0" sequenceCoverage="80.95" branchCoverage="0" maxCyclomaticComplexity="0" minCyclomaticComplexity="0" maxCrapScore="0" minCrapScore="0" visitedClasses="0" numClasses="0" visitedMethods="1" numMethods="1" />
              <MetadataToken>100663348</MetadataToken>
              <Name>System.Void InteractionController::ApplySelection(UnityEngine.GameObject, UnityEngine.Vector3)</Name>
              <FileRef uid="5" />
              <SequencePoints>
                <SequencePoint vc="1" uspid="1551" ordinal="0" offset="0" sl="112" sc="5" el="112" ec="5" bec="0" bev="0" fileid="5" />
                <SequencePoint vc="1" uspid="1552" ordinal="0" offset="1" sl="113" sc="9" el="113" ec="9" bec="0" bev="0" fileid="5" />
                <SequencePoint vc="1" uspid="1553" ordinal="0" offset="8" sl="114" sc="9" el="114" ec="9" bec="0" bev="0" fileid="5" />
                <SequencePoint vc="1" uspid="1554" ordinal="0" offset="31" sl="115" sc="9" el="115" ec="9" bec="0" bev="0" fileid="5" />
                <SequencePoint vc="1" uspid="1555" ordinal="0" offset="38" sl="116" sc="9" el="116" ec="9" bec="0" bev="0" fileid="5" />
                <SequencePoint vc="1" uspid="1556" ordinal="0" offset="74" sl="117" sc="9" el="117" ec="9" bec="0" bev="0" fileid="5" />
                <SequencePoint vc="1" uspid="1557" ordinal="0" offset="75" sl="118" sc="13" el="118" ec="13" bec="0" bev="0" fileid="5" />
                <SequencePoint vc="1" uspid="1558" ordinal="0" offset="88" sl="120" sc="13" el="120" ec="13" bec="0" bev="0" fileid="5" />
                <SequencePoint vc="1" uspid="1559" ordinal="0" offset="100" sl="121" sc="13" el="121" ec="13" bec="0" bev="0" fileid="5" />
                <SequencePoint vc="1" uspid="1560" ordinal="0" offset="112" sl="123" sc="13" el="123" ec="13" bec="0" bev="0" fileid="5" />
                <SequencePoint vc="1" uspid="1561" ordinal="0" offset="137" sl="124" sc="13" el="124" ec="13" bec="0" bev="0" fileid="5" />
                <SequencePoint vc="1" uspid="1562" ordinal="0" offset="138" sl="125" sc="17" el="125" ec="17" bec="0" bev="0" fileid="5" />
                <SequencePoint vc="1" uspid="1563" ordinal="0" offset="151" sl="126" sc="13" el="126" ec="13" bec="0" bev="0" fileid="5" />
                <SequencePoint vc="1" uspid="1564" ordinal="0" offset="152" sl="127" sc="9" el="127" ec="9" bec="0" bev="0" fileid="5" />
                <SequencePoint vc="0" uspid="1565" ordinal="0" offset="155" sl="129" sc="9" el="129" ec="9" bec="0" bev="0" fileid="5" />
                <SequencePoint vc="0" uspid="1566" ordinal="0" offset="156" sl="130" sc="13" el="130" ec="13" bec="0" bev="0" fileid="5" />
                <SequencePoint vc="0" uspid="1567" ordinal="0" offset="173" sl="130" sc="26" el="130" ec="26" bec="0" bev="0" fileid="5" />
                <SequencePoint vc="0" uspid="1568" ordinal="0" offset="186" sl="131" sc="9" el="131" ec="9" bec="0" bev="0" fileid="5" />
                <SequencePoint vc="1" uspid="1569" ordinal="0" offset="187" sl="132" sc="9" el="132" ec="9" bec="0" bev="0" fileid="5" />
                <SequencePoint vc="1" uspid="1570" ordinal="0" offset="204" sl="132" sc="23" el="132" ec="23" bec="0" bev="0" fileid="5" />
                <SequencePoint vc="1" uspid="1571" ordinal="0" offset="217" sl="133" sc="5" el="133" ec="5" bec="0" bev="0" fileid="5" />
              </SequencePoints>
              <BranchPoints />
            </Method>
            <Method visited="true" cyclomaticComplexity="0" nPathComplexity="0" sequenceCoverage="100.0" branchCoverage="0" crapScore="0" isConstructor="false" isStatic="false" isGetter="false" isSetter="false">
              <Summary numSequencePoints="7" visitedSequencePoints="7" numBranchPoints="0" visitedBranchPoints="0" sequenceCoverage="100.0" branchCoverage="0" maxCyclomaticComplexity="0" minCyclomaticComplexity="0" maxCrapScore="0" minCrapScore="0" visitedClasses="0" numClasses="0" visitedMethods="1" numMethods="1" />
              <MetadataToken>100663349</MetadataToken>
              <Name>System.Void InteractionController::ClearSelection()</Name>
              <FileRef uid="5" />
              <SequencePoints>
                <SequencePoint vc="1" uspid="1572" ordinal="0" offset="0" sl="136" sc="5" el="136" ec="5" bec="0" bev="0" fileid="5" />
                <SequencePoint vc="1" uspid="1573" ordinal="0" offset="1" sl="137" sc="9" el="137" ec="9" bec="0" bev="0" fileid="5" />
                <SequencePoint vc="1" uspid="1574" ordinal="0" offset="8" sl="138" sc="9" el="138" ec="9" bec="0" bev="0" fileid="5" />
                <SequencePoint vc="1" uspid="1575" ordinal="0" offset="23" sl="138" sc="22" el="138" ec="22" bec="0" bev="0" fileid="5" />
                <SequencePoint vc="1" uspid="1576" ordinal="0" offset="36" sl="139" sc="9" el="139" ec="9" bec="0" bev="0" fileid="5" />
                <SequencePoint vc="1" uspid="1577" ordinal="0" offset="51" sl="139" sc="23" el="139" ec="23" bec="0" bev="0" fileid="5" />
                <SequencePoint vc="1" uspid="1578" ordinal="0" offset="64" sl="140" sc="5" el="140" ec="5" bec="0" bev="0" fileid="5" />
              </SequencePoints>
              <BranchPoints />
            </Method>
            <Method visited="true" cyclomaticComplexity="0" nPathComplexity="0" sequenceCoverage="50.00" branchCoverage="0" crapScore="0" isConstructor="false" isStatic="false" isGetter="false" isSetter="false">
              <Summary numSequencePoints="10" visitedSequencePoints="5" numBranchPoints="0" visitedBranchPoints="0" sequenceCoverage="50.00" branchCoverage="0" maxCyclomaticComplexity="0" minCyclomaticComplexity="0" maxCrapScore="0" minCrapScore="0" visitedClasses="0" numClasses="0" visitedMethods="1" numMethods="1" />
              <MetadataToken>100663351</MetadataToken>
              <Name>System.Void InteractionController::HandleDragging()</Name>
              <FileRef uid="5" />
              <SequencePoints>
                <SequencePoint vc="16" uspid="1587" ordinal="0" offset="0" sl="154" sc="5" el="154" ec="5" bec="0" bev="0" fileid="5" />
                <SequencePoint vc="16" uspid="1588" ordinal="0" offset="1" sl="155" sc="9" el="155" ec="9" bec="0" bev="0" fileid="5" />
                <SequencePoint vc="0" uspid="1589" ordinal="0" offset="11" sl="155" sc="27" el="155" ec="27" bec="0" bev="0" fileid="5" />
                <SequencePoint vc="16" uspid="1590" ordinal="0" offset="16" sl="157" sc="9" el="157" ec="9" bec="0" bev="0" fileid="5" />
                <SequencePoint vc="16" uspid="1591" ordinal="0" offset="57" sl="158" sc="13" el="158" ec="13" bec="0" bev="0" fileid="5" />
                <SequencePoint vc="0" uspid="1592" ordinal="0" offset="59" sl="160" sc="9" el="160" ec="9" bec="0" bev="0" fileid="5" />
                <SequencePoint vc="0" uspid="1593" ordinal="0" offset="82" sl="161" sc="9" el="161" ec="9" bec="0" bev="0" fileid="5" />
                <SequencePoint vc="0" uspid="1594" ordinal="0" offset="113" sl="163" sc="9" el="163" ec="9" bec="0" bev="0" fileid="5" />
                <SequencePoint vc="0" uspid="1595" ordinal="0" offset="153" sl="169" sc="9" el="169" ec="9" bec="0" bev="0" fileid="5" />
                <SequencePoint vc="16" uspid="1596" ordinal="0" offset="176" sl="170" sc="5" el="170" ec="5" bec="0" bev="0" fileid="5" />
              </SequencePoints>
              <BranchPoints />
            </Method>
            <Method visited="true" cyclomaticComplexity="0" nPathComplexity="0" sequenceCoverage="75.00" branchCoverage="0" crapScore="0" isConstructor="false" isStatic="false" isGetter="false" isSetter="false">
              <Summary numSequencePoints="8" visitedSequencePoints="6" numBranchPoints="0" visitedBranchPoints="0" sequenceCoverage="75.00" branchCoverage="0" maxCyclomaticComplexity="0" minCyclomaticComplexity="0" maxCrapScore="0" minCrapScore="0" visitedClasses="0" numClasses="0" visitedMethods="1" numMethods="1" />
              <MetadataToken>100663352</MetadataToken>
              <Name>System.Void InteractionController::HandleRotation()</Name>
              <FileRef uid="5" />
              <SequencePoints>
                <SequencePoint vc="16" uspid="1597" ordinal="0" offset="0" sl="173" sc="5" el="173" ec="5" bec="0" bev="0" fileid="5" />
                <SequencePoint vc="16" uspid="1598" ordinal="0" offset="1" sl="174" sc="9" el="174" ec="9" bec="0" bev="0" fileid="5" />
                <SequencePoint vc="1" uspid="1599" ordinal="0" offset="11" sl="174" sc="37" el="174" ec="37" bec="0" bev="0" fileid="5" />
                <SequencePoint vc="15" uspid="1600" ordinal="0" offset="13" sl="176" sc="9" el="176" ec="9" bec="0" bev="0" fileid="5" />
                <SequencePoint vc="15" uspid="1601" ordinal="0" offset="52" sl="177" sc="13" el="177" ec="13" bec="0" bev="0" fileid="5" />
                <SequencePoint vc="0" uspid="1602" ordinal="0" offset="54" sl="179" sc="9" el="179" ec="9" bec="0" bev="0" fileid="5" />
                <SequencePoint vc="0" uspid="1603" ordinal="0" offset="74" sl="180" sc="9" el="180" ec="9" bec="0" bev="0" fileid="5" />
                <SequencePoint vc="16" uspid="1604" ordinal="0" offset="98" sl="181" sc="5" el="181" ec="5" bec="0" bev="0" fileid="5" />
              </SequencePoints>
              <BranchPoints />
            </Method>
            <Method visited="true" cyclomaticComplexity="0" nPathComplexity="0" sequenceCoverage="50.00" branchCoverage="0" crapScore="0" isConstructor="false" isStatic="false" isGetter="false" isSetter="false">
              <Summary numSequencePoints="12" visitedSequencePoints="6" numBranchPoints="0" visitedBranchPoints="0" sequenceCoverage="50.00" branchCoverage="0" maxCyclomaticComplexity="0" minCyclomaticComplexity="0" maxCrapScore="0" minCrapScore="0" visitedClasses="0" numClasses="0" visitedMethods="1" numMethods="1" />
              <MetadataToken>100663353</MetadataToken>
              <Name>System.Void InteractionController::HandleScaling()</Name>
              <FileRef uid="5" />
              <SequencePoints>
                <SequencePoint vc="16" uspid="1605" ordinal="0" offset="0" sl="184" sc="5" el="184" ec="5" bec="0" bev="0" fileid="5" />
                <SequencePoint vc="16" uspid="1606" ordinal="0" offset="1" sl="185" sc="9" el="185" ec="9" bec="0" bev="0" fileid="5" />
                <SequencePoint vc="1" uspid="1607" ordinal="0" offset="11" sl="185" sc="37" el="185" ec="37" bec="0" bev="0" fileid="5" />
                <SequencePoint vc="15" uspid="1608" ordinal="0" offset="16" sl="187" sc="9" el="187" ec="9" bec="0" bev="0" fileid="5" />
                <SequencePoint vc="15" uspid="1609" ordinal="0" offset="55" sl="188" sc="13" el="188" ec="13" bec="0" bev="0" fileid="5" />
                <SequencePoint vc="0" uspid="1610" ordinal="0" offset="60" sl="190" sc="9" el="190" ec="9" bec="0" bev="0" fileid="5" />
                <SequencePoint vc="0" uspid="1611" ordinal="0" offset="80" sl="191" sc="9" el="191" ec="9" bec="0" bev="0" fileid="5" />
                <SequencePoint vc="0" uspid="1612" ordinal="0" offset="103" sl="193" sc="9" el="193" ec="9" bec="0" bev="0" fileid="5" />
                <SequencePoint vc="0" uspid="1613" ordinal="0" offset="133" sl="194" sc="9" el="194" ec="9" bec="0" bev="0" fileid="5" />
                <SequencePoint vc="0" uspid="1614" ordinal="0" offset="163" sl="195" sc="9" el="195" ec="9" bec="0" bev="0" fileid="5" />
                <SequencePoint vc="0" uspid="1615" ordinal="0" offset="193" sl="197" sc="9" el="197" ec="9" bec="0" bev="0" fileid="5" />
                <SequencePoint vc="16" uspid="1616" ordinal="0" offset="211" sl="198" sc="5" el="198" ec="5" bec="0" bev="0" fileid="5" />
              </SequencePoints>
              <BranchPoints />
            </Method>
            <Method visited="true" cyclomaticComplexity="0" nPathComplexity="0" sequenceCoverage="100.0" branchCoverage="0" crapScore="0" isConstructor="false" isStatic="false" isGetter="false" isSetter="false">
              <Summary numSequencePoints="8" visitedSequencePoints="8" numBranchPoints="0" visitedBranchPoints="0" sequenceCoverage="100.0" branchCoverage="0" maxCyclomaticComplexity="0" minCyclomaticComplexity="0" maxCrapScore="0" minCrapScore="0" visitedClasses="0" numClasses="0" visitedMethods="1" numMethods="1" />
              <MetadataToken>100663354</MetadataToken>
              <Name>System.Boolean InteractionController::IsTypingInInputField()</Name>
              <FileRef uid="5" />
              <SequencePoints>
                <SequencePoint vc="34" uspid="1617" ordinal="0" offset="0" sl="202" sc="5" el="202" ec="5" bec="0" bev="0" fileid="5" />
                <SequencePoint vc="34" uspid="1618" ordinal="0" offset="1" sl="203" sc="9" el="203" ec="9" bec="0" bev="0" fileid="5" />
                <SequencePoint vc="29" uspid="1619" ordinal="0" offset="16" sl="203" sc="42" el="203" ec="42" bec="0" bev="0" fileid="5" />
                <SequencePoint vc="5" uspid="1620" ordinal="0" offset="20" sl="205" sc="9" el="205" ec="9" bec="0" bev="0" fileid="5" />
                <SequencePoint vc="5" uspid="1621" ordinal="0" offset="31" sl="207" sc="9" el="207" ec="9" bec="0" bev="0" fileid="5" />
                <SequencePoint vc="2" uspid="1622" ordinal="0" offset="42" sl="207" sc="34" el="207" ec="34" bec="0" bev="0" fileid="5" />
                <SequencePoint vc="3" uspid="1623" ordinal="0" offset="46" sl="209" sc="9" el="209" ec="9" bec="0" bev="0" fileid="5" />
                <SequencePoint vc="34" uspid="1624" ordinal="0" offset="61" sl="210" sc="5" el="210" ec="5" bec="0" bev="0" fileid="5" />
              </SequencePoints>
              <BranchPoints />
            </Method>
            <Method visited="true" cyclomaticComplexity="0" nPathComplexity="0" sequenceCoverage="100.0" branchCoverage="0" crapScore="0" isConstructor="false" isStatic="false" isGetter="false" isSetter="false">
              <Summary numSequencePoints="16" visitedSequencePoints="16" numBranchPoints="0" visitedBranchPoints="0" sequenceCoverage="100.0" branchCoverage="0" maxCyclomaticComplexity="0" minCyclomaticComplexity="0" maxCrapScore="0" minCrapScore="0" visitedClasses="0" numClasses="0" visitedMethods="1" numMethods="1" />
              <MetadataToken>100663355</MetadataToken>
              <Name>System.Void InteractionController::DestroySelectedObject()</Name>
              <FileRef uid="5" />
              <SequencePoints>
                <SequencePoint vc="3" uspid="1625" ordinal="0" offset="0" sl="213" sc="5" el="213" ec="5" bec="0" bev="0" fileid="5" />
                <SequencePoint vc="3" uspid="1626" ordinal="0" offset="1" sl="214" sc="9" el="214" ec="9" bec="0" bev="0" fileid="5" />
                <SequencePoint vc="1" uspid="1627" ordinal="0" offset="17" sl="214" sc="37" el="214" ec="37" bec="0" bev="0" fileid="5" />
                <SequencePoint vc="2" uspid="1628" ordinal="0" offset="19" sl="216" sc="9" el="216" ec="9" bec="0" bev="0" fileid="5" />
                <SequencePoint vc="1" uspid="1629" ordinal="0" offset="39" sl="217" sc="9" el="217" ec="9" bec="0" bev="0" fileid="5" />
                <SequencePoint vc="1" uspid="1630" ordinal="0" offset="40" sl="218" sc="13" el="218" ec="13" bec="0" bev="0" fileid="5" />
                <SequencePoint vc="1" uspid="1631" ordinal="0" offset="47" sl="219" sc="13" el="219" ec="13" bec="0" bev="0" fileid="5" />
                <SequencePoint vc="1" uspid="1632" ordinal="0" offset="58" sl="220" sc="13" el="220" ec="13" bec="0" bev="0" fileid="5" />
                <SequencePoint vc="1" uspid="1633" ordinal="0" offset="59" sl="221" sc="17" el="221" ec="17" bec="0" bev="0" fileid="5" />
                <SequencePoint vc="1" uspid="1634" ordinal="0" offset="72" sl="222" sc="13" el="222" ec="13" bec="0" bev="0" fileid="5" />
                <SequencePoint vc="1" uspid="1635" ordinal="0" offset="73" sl="224" sc="13" el="224" ec="13" bec="0" bev="0" fileid="5" />
                <SequencePoint vc="1" uspid="1636" ordinal="0" offset="86" sl="225" sc="9" el="225" ec="9" bec="0" bev="0" fileid="5" />
                <SequencePoint vc="2" uspid="1637" ordinal="0" offset="87" sl="227" sc="9" el="227" ec="9" bec="0" bev="0" fileid="5" />
                <SequencePoint vc="2" uspid="1638" ordinal="0" offset="100" sl="228" sc="9" el="228" ec="9" bec="0" bev="0" fileid="5" />
                <SequencePoint vc="2" uspid="1639" ordinal="0" offset="112" sl="229" sc="9" el="229" ec="9" bec="0" bev="0" fileid="5" />
                <SequencePoint vc="3" uspid="1640" ordinal="0" offset="119" sl="230" sc="5" el="230" ec="5" bec="0" bev="0" fileid="5" />
              </SequencePoints>
              <BranchPoints />
            </Method>
            <Method visited="true" cyclomaticComplexity="0" nPathComplexity="0" sequenceCoverage="100.0" branchCoverage="0" crapScore="0" isConstructor="false" isStatic="false" isGetter="false" isSetter="false">
              <Summary numSequencePoints="9" visitedSequencePoints="9" numBranchPoints="0" visitedBranchPoints="0" sequenceCoverage="100.0" branchCoverage="0" maxCyclomaticComplexity="0" minCyclomaticComplexity="0" maxCrapScore="0" minCrapScore="0" visitedClasses="0" numClasses="0" visitedMethods="1" numMethods="1" />
              <MetadataToken>100663356</MetadataToken>
              <Name>System.Void InteractionController::PlayAudio()</Name>
              <FileRef uid="5" />
              <SequencePoints>
                <SequencePoint vc="2" uspid="1641" ordinal="0" offset="0" sl="233" sc="5" el="233" ec="5" bec="0" bev="0" fileid="5" />
                <SequencePoint vc="2" uspid="1642" ordinal="0" offset="1" sl="234" sc="9" el="234" ec="9" bec="0" bev="0" fileid="5" />
                <SequencePoint vc="1" uspid="1643" ordinal="0" offset="17" sl="234" sc="37" el="234" ec="37" bec="0" bev="0" fileid="5" />
                <SequencePoint vc="1" uspid="1644" ordinal="0" offset="19" sl="235" sc="9" el="235" ec="9" bec="0" bev="0" fileid="5" />
                <SequencePoint vc="1" uspid="1645" ordinal="0" offset="31" sl="236" sc="9" el="236" ec="9" bec="0" bev="0" fileid="5" />
                <SequencePoint vc="1" uspid="1646" ordinal="0" offset="42" sl="237" sc="9" el="237" ec="9" bec="0" bev="0" fileid="5" />
                <SequencePoint vc="1" uspid="1647" ordinal="0" offset="43" sl="238" sc="13" el="238" ec="13" bec="0" bev="0" fileid="5" />
                <SequencePoint vc="1" uspid="1648" ordinal="0" offset="56" sl="239" sc="9" el="239" ec="9" bec="0" bev="0" fileid="5" />
                <SequencePoint vc="2" uspid="1649" ordinal="0" offset="57" sl="240" sc="5" el="240" ec="5" bec="0" bev="0" fileid="5" />
              </SequencePoints>
              <BranchPoints />
            </Method>
            <Method visited="true" cyclomaticComplexity="0" nPathComplexity="0" sequenceCoverage="100.0" branchCoverage="0" crapScore="0" isConstructor="false" isStatic="false" isGetter="false" isSetter="false">
              <Summary numSequencePoints="10" visitedSequencePoints="10" numBranchPoints="0" visitedBranchPoints="0" sequenceCoverage="100.0" branchCoverage="0" maxCyclomaticComplexity="0" minCyclomaticComplexity="0" maxCrapScore="0" minCrapScore="0" visitedClasses="0" numClasses="0" visitedMethods="1" numMethods="1" />
              <MetadataToken>100663357</MetadataToken>
              <Name>System.Void InteractionController::SetAudioLoop(System.Boolean)</Name>
              <FileRef uid="5" />
              <SequencePoints>
                <SequencePoint vc="3" uspid="1650" ordinal="0" offset="0" sl="243" sc="5" el="243" ec="5" bec="0" bev="0" fileid="5" />
                <SequencePoint vc="3" uspid="1651" ordinal="0" offset="1" sl="244" sc="9" el="244" ec="9" bec="0" bev="0" fileid="5" />
                <SequencePoint vc="1" uspid="1652" ordinal="0" offset="17" sl="244" sc="37" el="244" ec="37" bec="0" bev="0" fileid="5" />
                <SequencePoint vc="2" uspid="1653" ordinal="0" offset="19" sl="246" sc="9" el="246" ec="9" bec="0" bev="0" fileid="5" />
                <SequencePoint vc="2" uspid="1654" ordinal="0" offset="31" sl="247" sc="9" el="247" ec="9" bec="0" bev="0" fileid="5" />
                <SequencePoint vc="1" uspid="1655" ordinal="0" offset="42" sl="248" sc="9" el="248" ec="9" bec="0" bev="0" fileid="5" />
                <SequencePoint vc="1" uspid="1656" ordinal="0" offset="43" sl="249" sc="13" el="249" ec="13" bec="0" bev="0" fileid="5" />
                <SequencePoint vc="1" uspid="1657" ordinal="0" offset="51" sl="250" sc="13" el="250" ec="13" bec="0" bev="0" fileid="5" />
                <SequencePoint vc="1" uspid="1658" ordinal="0" offset="84" sl="251" sc="9" el="251" ec="9" bec="0" bev="0" fileid="5" />
                <SequencePoint vc="3" uspid="1659" ordinal="0" offset="85" sl="252" sc="5" el="252" ec="5" bec="0" bev="0" fileid="5" />
              </SequencePoints>
              <BranchPoints />
            </Method>
            <Method visited="true" cyclomaticComplexity="0" nPathComplexity="0" sequenceCoverage="100.0" branchCoverage="0" crapScore="0" isConstructor="false" isStatic="false" isGetter="false" isSetter="false">
              <Summary numSequencePoints="4" visitedSequencePoints="4" numBranchPoints="0" visitedBranchPoints="0" sequenceCoverage="100.0" branchCoverage="0" maxCyclomaticComplexity="0" minCyclomaticComplexity="0" maxCrapScore="0" minCrapScore="0" visitedClasses="0" numClasses="0" visitedMethods="1" numMethods="1" />
              <MetadataToken>100663358</MetadataToken>
              <Name>System.Void InteractionController::DisableUI()</Name>
              <FileRef uid="5" />
              <SequencePoints>
                <SequencePoint vc="2" uspid="1660" ordinal="0" offset="0" sl="255" sc="5" el="255" ec="5" bec="0" bev="0" fileid="5" />
                <SequencePoint vc="2" uspid="1661" ordinal="0" offset="1" sl="256" sc="9" el="256" ec="9" bec="0" bev="0" fileid="5" />
                <SequencePoint vc="1" uspid="1662" ordinal="0" offset="14" sl="257" sc="9" el="257" ec="9" bec="0" bev="0" fileid="5" />
                <SequencePoint vc="1" uspid="1663" ordinal="0" offset="27" sl="258" sc="5" el="258" ec="5" bec="0" bev="0" fileid="5" />
              </SequencePoints>
              <BranchPoints />
            </Method>
            <Method visited="true" cyclomaticComplexity="0" nPathComplexity="0" sequenceCoverage="100.0" branchCoverage="0" crapScore="0" isConstructor="true" isStatic="false" isGetter="false" isSetter="false">
              <Summary numSequencePoints="6" visitedSequencePoints="6" numBranchPoints="0" visitedBranchPoints="0" sequenceCoverage="100.0" branchCoverage="0" maxCyclomaticComplexity="0" minCyclomaticComplexity="0" maxCrapScore="0" minCrapScore="0" visitedClasses="0" numClasses="0" visitedMethods="1" numMethods="1" />
              <MetadataToken>100663359</MetadataToken>
              <Name>InteractionController::InteractionController()</Name>
              <FileRef uid="5" />
              <SequencePoints>
                <SequencePoint vc="16" uspid="1689" ordinal="0" offset="0" sl="12" sc="31" el="12" ec="31" bec="0" bev="0" fileid="5" />
                <SequencePoint vc="16" uspid="1690" ordinal="0" offset="11" sl="13" sc="5" el="13" ec="5" bec="0" bev="0" fileid="5" />
                <SequencePoint vc="16" uspid="1691" ordinal="0" offset="22" sl="15" sc="26" el="15" ec="26" bec="0" bev="0" fileid="5" />
                <SequencePoint vc="16" uspid="1692" ordinal="0" offset="33" sl="17" sc="25" el="17" ec="25" bec="0" bev="0" fileid="5" />
                <SequencePoint vc="16" uspid="1693" ordinal="0" offset="44" sl="18" sc="5" el="18" ec="5" bec="0" bev="0" fileid="5" />
                <SequencePoint vc="16" uspid="1694" ordinal="0" offset="55" sl="19" sc="5" el="19" ec="5" bec="0" bev="0" fileid="5" />
              </SequencePoints>
              <BranchPoints />
            </Method>
          </Methods>
        </Class>
        <Class>
          <Summary numSequencePoints="19" visitedSequencePoints="14" numBranchPoints="0" visitedBranchPoints="0" sequenceCoverage="73.68" branchCoverage="0.0" maxCyclomaticComplexity="0" minCyclomaticComplexity="0" maxCrapScore="0" minCrapScore="0" visitedClasses="1" numClasses="1" visitedMethods="4" numMethods="4" />
          <FullName>LevelManager</FullName>
          <Methods>
            <Method visited="true" cyclomaticComplexity="0" nPathComplexity="0" sequenceCoverage="75.00" branchCoverage="0" crapScore="0" isConstructor="false" isStatic="false" isGetter="false" isSetter="false">
              <Summary numSequencePoints="4" visitedSequencePoints="3" numBranchPoints="0" visitedBranchPoints="0" sequenceCoverage="75.00" branchCoverage="0" maxCyclomaticComplexity="0" minCyclomaticComplexity="0" maxCrapScore="0" minCrapScore="0" visitedClasses="0" numClasses="0" visitedMethods="1" numMethods="1" />
              <MetadataToken>100663371</MetadataToken>
              <Name>System.Void LevelManager::OnDestroy()</Name>
              <FileRef uid="6" />
              <SequencePoints>
                <SequencePoint vc="1" uspid="1700" ordinal="0" offset="0" sl="31" sc="5" el="31" ec="5" bec="0" bev="0" fileid="6" />
                <SequencePoint vc="1" uspid="1701" ordinal="0" offset="1" sl="32" sc="9" el="32" ec="9" bec="0" bev="0" fileid="6" />
                <SequencePoint vc="0" uspid="1702" ordinal="0" offset="16" sl="33" sc="13" el="33" ec="13" bec="0" bev="0" fileid="6" />
                <SequencePoint vc="1" uspid="1703" ordinal="0" offset="39" sl="34" sc="5" el="34" ec="5" bec="0" bev="0" fileid="6" />
              </SequencePoints>
              <BranchPoints />
            </Method>
            <Method visited="true" cyclomaticComplexity="0" nPathComplexity="0" sequenceCoverage="71.43" branchCoverage="0" crapScore="0" isConstructor="false" isStatic="false" isGetter="false" isSetter="false">
              <Summary numSequencePoints="7" visitedSequencePoints="5" numBranchPoints="0" visitedBranchPoints="0" sequenceCoverage="71.43" branchCoverage="0" maxCyclomaticComplexity="0" minCyclomaticComplexity="0" maxCrapScore="0" minCrapScore="0" visitedClasses="0" numClasses="0" visitedMethods="1" numMethods="1" />
              <MetadataToken>100663383</MetadataToken>
              <Name>System.Void LevelManager::AddSoundToList(UnityEngine.GameObject)</Name>
              <FileRef uid="6" />
              <SequencePoints>
                <SequencePoint vc="1" uspid="1783" ordinal="0" offset="0" sl="215" sc="5" el="215" ec="5" bec="0" bev="0" fileid="6" />
                <SequencePoint vc="1" uspid="1784" ordinal="0" offset="1" sl="216" sc="9" el="216" ec="9" bec="0" bev="0" fileid="6" />
                <SequencePoint vc="0" uspid="1785" ordinal="0" offset="12" sl="216" sc="34" el="216" ec="34" bec="0" bev="0" fileid="6" />
                <SequencePoint vc="1" uspid="1786" ordinal="0" offset="14" sl="217" sc="9" el="217" ec="9" bec="0" bev="0" fileid="6" />
                <SequencePoint vc="0" uspid="1787" ordinal="0" offset="27" sl="217" sc="39" el="217" ec="39" bec="0" bev="0" fileid="6" />
                <SequencePoint vc="1" uspid="1788" ordinal="0" offset="29" sl="218" sc="9" el="218" ec="9" bec="0" bev="0" fileid="6" />
                <SequencePoint vc="1" uspid="1789" ordinal="0" offset="42" sl="219" sc="5" el="219" ec="5" bec="0" bev="0" fileid="6" />
              </SequencePoints>
              <BranchPoints />
            </Method>
            <Method visited="true" cyclomaticComplexity="0" nPathComplexity="0" sequenceCoverage="71.43" branchCoverage="0" crapScore="0" isConstructor="false" isStatic="false" isGetter="false" isSetter="false">
              <Summary numSequencePoints="7" visitedSequencePoints="5" numBranchPoints="0" visitedBranchPoints="0" sequenceCoverage="71.43" branchCoverage="0" maxCyclomaticComplexity="0" minCyclomaticComplexity="0" maxCrapScore="0" minCrapScore="0" visitedClasses="0" numClasses="0" visitedMethods="1" numMethods="1" />
              <MetadataToken>100663384</MetadataToken>
              <Name>System.Void LevelManager::RemoveSoundFromList(UnityEngine.GameObject)</Name>
              <FileRef uid="6" />
              <SequencePoints>
                <SequencePoint vc="1" uspid="1790" ordinal="0" offset="0" sl="222" sc="5" el="222" ec="5" bec="0" bev="0" fileid="6" />
                <SequencePoint vc="1" uspid="1791" ordinal="0" offset="1" sl="223" sc="9" el="223" ec="9" bec="0" bev="0" fileid="6" />
                <SequencePoint vc="0" uspid="1792" ordinal="0" offset="12" sl="223" sc="34" el="223" ec="34" bec="0" bev="0" fileid="6" />
                <SequencePoint vc="1" uspid="1793" ordinal="0" offset="14" sl="224" sc="9" el="224" ec="9" bec="0" bev="0" fileid="6" />
                <SequencePoint vc="0" uspid="1794" ordinal="0" offset="27" sl="224" sc="39" el="224" ec="39" bec="0" bev="0" fileid="6" />
                <SequencePoint vc="1" uspid="1795" ordinal="0" offset="29" sl="225" sc="9" el="225" ec="9" bec="0" bev="0" fileid="6" />
                <SequencePoint vc="1" uspid="1796" ordinal="0" offset="42" sl="226" sc="5" el="226" ec="5" bec="0" bev="0" fileid="6" />
              </SequencePoints>
              <BranchPoints />
            </Method>
            <Method visited="true" cyclomaticComplexity="0" nPathComplexity="0" sequenceCoverage="100.0" branchCoverage="0" crapScore="0" isConstructor="true" isStatic="false" isGetter="false" isSetter="false">
              <Summary numSequencePoints="1" visitedSequencePoints="1" numBranchPoints="0" visitedBranchPoints="0" sequenceCoverage="100.0" branchCoverage="0" maxCyclomaticComplexity="0" minCyclomaticComplexity="0" maxCrapScore="0" minCrapScore="0" visitedClasses="0" numClasses="0" visitedMethods="1" numMethods="1" />
              <MetadataToken>100663389</MetadataToken>
              <Name>LevelManager::LevelManager()</Name>
              <FileRef uid="6" />
              <SequencePoints>
                <SequencePoint vc="1" uspid="1835" ordinal="0" offset="0" sl="17" sc="22" el="17" ec="22" bec="0" bev="0" fileid="6" />
              </SequencePoints>
              <BranchPoints />
            </Method>
          </Methods>
        </Class>
        <Class>
          <Summary numSequencePoints="1" visitedSequencePoints="1" numBranchPoints="0" visitedBranchPoints="0" sequenceCoverage="100.0" branchCoverage="0.0" maxCyclomaticComplexity="0" minCyclomaticComplexity="0" maxCrapScore="0" minCrapScore="0" visitedClasses="1" numClasses="1" visitedMethods="1" numMethods="1" />
          <FullName>StateManager</FullName>
          <Methods>
            <Method visited="true" cyclomaticComplexity="0" nPathComplexity="0" sequenceCoverage="100.0" branchCoverage="0" crapScore="0" isConstructor="false" isStatic="true" isGetter="true" isSetter="false">
              <Summary numSequencePoints="1" visitedSequencePoints="1" numBranchPoints="0" visitedBranchPoints="0" sequenceCoverage="100.0" branchCoverage="0" maxCyclomaticComplexity="0" minCyclomaticComplexity="0" maxCrapScore="0" minCrapScore="0" visitedClasses="0" numClasses="0" visitedMethods="1" numMethods="1" />
              <MetadataToken>100663431</MetadataToken>
              <Name>static StateManager StateManager::get_Instance()</Name>
              <FileRef uid="14" />
              <SequencePoints>
                <SequencePoint vc="1" uspid="2099" ordinal="0" offset="0" sl="14" sc="43" el="14" ec="43" bec="0" bev="0" fileid="14" />
              </SequencePoints>
              <BranchPoints />
            </Method>
          </Methods>
        </Class>
      </Classes>
    </Module>
  </Modules>
</CoverageSession>