<?xml version="1.0" encoding="utf-8"?>
<CoverageSession xmlns:xsd="http://www.w3.org/2001/XMLSchema" xmlns:xsi="http://www.w3.org/2001/XMLSchema-instance" Version="0.0.0.0">
  <Summary numSequencePoints="239" visitedSequencePoints="233" numBranchPoints="0" visitedBranchPoints="0" sequenceCoverage="97.49" branchCoverage="0.0" maxCyclomaticComplexity="0" minCyclomaticComplexity="0" maxCrapScore="0" minCrapScore="0" visitedClasses="8" numClasses="8" visitedMethods="32" numMethods="32" />
  <Modules>
    <Module>
      <Summary numSequencePoints="239" visitedSequencePoints="233" numBranchPoints="0" visitedBranchPoints="0" sequenceCoverage="97.49" branchCoverage="0.0" maxCyclomaticComplexity="0" minCyclomaticComplexity="0" maxCrapScore="0" minCrapScore="0" visitedClasses="8" numClasses="8" visitedMethods="32" numMethods="32" />
      <ModuleTime>0001-01-01T00:00:00</ModuleTime>
      <ModuleName>Scripts</ModuleName>
      <Files>
        <File uid="1" fullPath="C:/Users/akmoi/Desktop/unity6.3/MindScapeVR/Assets/Scripts/AudioGenClient.cs" />
        <File uid="2" fullPath="C:/Users/akmoi/Desktop/unity6.3/MindScapeVR/Assets/Scripts/CameraController.cs" />
        <File uid="3" fullPath="C:/Users/akmoi/Desktop/unity6.3/MindScapeVR/Assets/Scripts/FreeCam.cs" />
        <File uid="4" fullPath="C:/Users/akmoi/Desktop/unity6.3/MindScapeVR/Assets/Scripts/Hunyuan3DClient.cs" />
        <File uid="5" fullPath="C:/Users/akmoi/Desktop/unity6.3/MindScapeVR/Assets/Scripts/HunyuanWorldClient.cs" />
        <File uid="6" fullPath="C:/Users/akmoi/Desktop/unity6.3/MindScapeVR/Assets/Scripts/InteractionController.cs" />
        <File uid="7" fullPath="C:/Users/akmoi/Desktop/unity6.3/MindScapeVR/Assets/Scripts/LevelManager.cs" />
        <File uid="8" fullPath="C:/Users/akmoi/Desktop/unity6.3/MindScapeVR/Assets/Scripts/LevelSaveSystem.cs" />
        <File uid="9" fullPath="C:/Users/akmoi/Desktop/unity6.3/MindScapeVR/Assets/Scripts/LookAtCamera.cs" />
        <File uid="10" fullPath="C:/Users/akmoi/Desktop/unity6.3/MindScapeVR/Assets/Scripts/MainMenu.cs" />
        <File uid="11" fullPath="C:/Users/akmoi/Desktop/unity6.3/MindScapeVR/Assets/Scripts/MindfulnessAudioManager.cs" />
        <File uid="12" fullPath="C:/Users/akmoi/Desktop/unity6.3/MindScapeVR/Assets/Scripts/RandomizeAudio.cs" />
        <File uid="13" fullPath="C:/Users/akmoi/Desktop/unity6.3/MindScapeVR/Assets/Scripts/RotatingCamera.cs" />
        <File uid="14" fullPath="C:/Users/akmoi/Desktop/unity6.3/MindScapeVR/Assets/Scripts/SceneLightUIController.cs" />
        <File uid="15" fullPath="C:/Users/akmoi/Desktop/unity6.3/MindScapeVR/Assets/Scripts/StateManager.cs" />
      </Files>
      <Classes>
        <Class>
          <Summary numSequencePoints="8" visitedSequencePoints="8" numBranchPoints="0" visitedBranchPoints="0" sequenceCoverage="100.0" branchCoverage="0.0" maxCyclomaticComplexity="0" minCyclomaticComplexity="0" maxCrapScore="0" minCrapScore="0" visitedClasses="1" numClasses="1" visitedMethods="2" numMethods="2" />
          <FullName>LookAtCamera</FullName>
          <Methods>
            <Method visited="true" cyclomaticComplexity="0" nPathComplexity="0" sequenceCoverage="100.0" branchCoverage="0" crapScore="0" isConstructor="false" isStatic="false" isGetter="false" isSetter="false">
              <Summary numSequencePoints="5" visitedSequencePoints="5" numBranchPoints="0" visitedBranchPoints="0" sequenceCoverage="100.0" branchCoverage="0" maxCyclomaticComplexity="0" minCyclomaticComplexity="0" maxCrapScore="0" minCrapScore="0" visitedClasses="0" numClasses="0" visitedMethods="1" numMethods="1" />
              <MetadataToken>100663421</MetadataToken>
              <Name>System.Void LookAtCamera::Update()</Name>
              <FileRef uid="9" />
              <SequencePoints>
                <SequencePoint vc="3" uspid="2365" ordinal="0" offset="0" sl="9" sc="5" el="9" ec="5" bec="0" bev="0" fileid="9" />
                <SequencePoint vc="3" uspid="2366" ordinal="0" offset="1" sl="10" sc="9" el="10" ec="9" bec="0" bev="0" fileid="9" />
                <SequencePoint vc="1" uspid="2367" ordinal="0" offset="17" sl="10" sc="26" el="10" ec="26" bec="0" bev="0" fileid="9" />
                <SequencePoint vc="2" uspid="2368" ordinal="0" offset="19" sl="11" sc="9" el="11" ec="9" bec="0" bev="0" fileid="9" />
                <SequencePoint vc="3" uspid="2369" ordinal="0" offset="42" sl="12" sc="5" el="12" ec="5" bec="0" bev="0" fileid="9" />
              </SequencePoints>
              <BranchPoints />
            </Method>
            <Method visited="true" cyclomaticComplexity="0" nPathComplexity="0" sequenceCoverage="100.0" branchCoverage="0" crapScore="0" isConstructor="false" isStatic="false" isGetter="false" isSetter="false">
              <Summary numSequencePoints="3" visitedSequencePoints="3" numBranchPoints="0" visitedBranchPoints="0" sequenceCoverage="100.0" branchCoverage="0" maxCyclomaticComplexity="0" minCyclomaticComplexity="0" maxCrapScore="0" minCrapScore="0" visitedClasses="0" numClasses="0" visitedMethods="1" numMethods="1" />
              <MetadataToken>100663422</MetadataToken>
              <Name>System.Void LookAtCamera::Cam(UnityEngine.GameObject)</Name>
              <FileRef uid="9" />
              <SequencePoints>
                <SequencePoint vc="2" uspid="2370" ordinal="0" offset="0" sl="15" sc="5" el="15" ec="5" bec="0" bev="0" fileid="9" />
                <SequencePoint vc="2" uspid="2371" ordinal="0" offset="1" sl="16" sc="9" el="16" ec="9" bec="0" bev="0" fileid="9" />
                <SequencePoint vc="2" uspid="2372" ordinal="0" offset="8" sl="17" sc="5" el="17" ec="5" bec="0" bev="0" fileid="9" />
              </SequencePoints>
              <BranchPoints />
            </Method>
          </Methods>
        </Class>
        <Class>
          <Summary numSequencePoints="30" visitedSequencePoints="30" numBranchPoints="0" visitedBranchPoints="0" sequenceCoverage="100.0" branchCoverage="0.0" maxCyclomaticComplexity="0" minCyclomaticComplexity="0" maxCrapScore="0" minCrapScore="0" visitedClasses="1" numClasses="1" visitedMethods="5" numMethods="5" />
          <FullName>MindfulnessAudioManager</FullName>
          <Methods>
            <Method visited="true" cyclomaticComplexity="0" nPathComplexity="0" sequenceCoverage="100.0" branchCoverage="0" crapScore="0" isConstructor="false" isStatic="false" isGetter="false" isSetter="false">
              <Summary numSequencePoints="7" visitedSequencePoints="7" numBranchPoints="0" visitedBranchPoints="0" sequenceCoverage="100.0" branchCoverage="0" maxCyclomaticComplexity="0" minCyclomaticComplexity="0" maxCrapScore="0" minCrapScore="0" visitedClasses="0" numClasses="0" visitedMethods="1" numMethods="1" />
              <MetadataToken>100663431</MetadataToken>
              <Name>System.Void MindfulnessAudioManager::Awake()</Name>
              <FileRef uid="11" />
              <SequencePoints>
                <SequencePoint vc="5" uspid="2392" ordinal="0" offset="0" sl="15" sc="5" el="15" ec="5" bec="0" bev="0" fileid="11" />
                <SequencePoint vc="5" uspid="2393" ordinal="0" offset="1" sl="16" sc="9" el="16" ec="9" bec="0" bev="0" fileid="11" />
                <SequencePoint vc="5" uspid="2394" ordinal="0" offset="13" sl="17" sc="9" el="17" ec="9" bec="0" bev="0" fileid="11" />
                <SequencePoint vc="5" uspid="2395" ordinal="0" offset="29" sl="18" sc="9" el="18" ec="9" bec="0" bev="0" fileid="11" />
                <SequencePoint vc="5" uspid="2396" ordinal="0" offset="30" sl="19" sc="13" el="19" ec="13" bec="0" bev="0" fileid="11" />
                <SequencePoint vc="5" uspid="2397" ordinal="0" offset="47" sl="20" sc="9" el="20" ec="9" bec="0" bev="0" fileid="11" />
                <SequencePoint vc="5" uspid="2398" ordinal="0" offset="48" sl="21" sc="5" el="21" ec="5" bec="0" bev="0" fileid="11" />
              </SequencePoints>
              <BranchPoints />
            </Method>
            <Method visited="true" cyclomaticComplexity="0" nPathComplexity="0" sequenceCoverage="100.0" branchCoverage="0" crapScore="0" isConstructor="false" isStatic="false" isGetter="false" isSetter="false">
              <Summary numSequencePoints="7" visitedSequencePoints="7" numBranchPoints="0" visitedBranchPoints="0" sequenceCoverage="100.0" branchCoverage="0" maxCyclomaticComplexity="0" minCyclomaticComplexity="0" maxCrapScore="0" minCrapScore="0" visitedClasses="0" numClasses="0" visitedMethods="1" numMethods="1" />
              <MetadataToken>100663432</MetadataToken>
              <Name>System.Void MindfulnessAudioManager::Start()</Name>
              <FileRef uid="11" />
              <SequencePoints>
                <SequencePoint vc="5" uspid="2399" ordinal="0" offset="0" sl="24" sc="5" el="24" ec="5" bec="0" bev="0" fileid="11" />
                <SequencePoint vc="5" uspid="2400" ordinal="0" offset="1" sl="25" sc="9" el="25" ec="9" bec="0" bev="0" fileid="11" />
                <SequencePoint vc="5" uspid="2401" ordinal="0" offset="13" sl="26" sc="9" el="26" ec="9" bec="0" bev="0" fileid="11" />
                <SequencePoint vc="1" uspid="2402" ordinal="0" offset="29" sl="27" sc="9" el="27" ec="9" bec="0" bev="0" fileid="11" />
                <SequencePoint vc="1" uspid="2403" ordinal="0" offset="30" sl="28" sc="13" el="28" ec="13" bec="0" bev="0" fileid="11" />
                <SequencePoint vc="1" uspid="2404" ordinal="0" offset="47" sl="29" sc="9" el="29" ec="9" bec="0" bev="0" fileid="11" />
                <SequencePoint vc="5" uspid="2405" ordinal="0" offset="48" sl="30" sc="5" el="30" ec="5" bec="0" bev="0" fileid="11" />
              </SequencePoints>
              <BranchPoints />
            </Method>
            <Method visited="true" cyclomaticComplexity="0" nPathComplexity="0" sequenceCoverage="100.0" branchCoverage="0" crapScore="0" isConstructor="false" isStatic="false" isGetter="false" isSetter="false">
              <Summary numSequencePoints="4" visitedSequencePoints="4" numBranchPoints="0" visitedBranchPoints="0" sequenceCoverage="100.0" branchCoverage="0" maxCyclomaticComplexity="0" minCyclomaticComplexity="0" maxCrapScore="0" minCrapScore="0" visitedClasses="0" numClasses="0" visitedMethods="1" numMethods="1" />
              <MetadataToken>100663433</MetadataToken>
              <Name>System.Void MindfulnessAudioManager::StartSpeech()</Name>
              <FileRef uid="11" />
              <SequencePoints>
                <SequencePoint vc="3" uspid="2406" ordinal="0" offset="0" sl="33" sc="5" el="33" ec="5" bec="0" bev="0" fileid="11" />
                <SequencePoint vc="3" uspid="2407" ordinal="0" offset="1" sl="34" sc="9" el="34" ec="9" bec="0" bev="0" fileid="11" />
                <SequencePoint vc="3" uspid="2408" ordinal="0" offset="8" sl="36" sc="9" el="36" ec="9" bec="0" bev="0" fileid="11" />
                <SequencePoint vc="3" uspid="2409" ordinal="0" offset="26" sl="37" sc="5" el="37" ec="5" bec="0" bev="0" fileid="11" />
              </SequencePoints>
              <BranchPoints />
            </Method>
            <Method visited="true" cyclomaticComplexity="0" nPathComplexity="0" sequenceCoverage="100.0" branchCoverage="0" crapScore="0" isConstructor="false" isStatic="false" isGetter="false" isSetter="false">
              <Summary numSequencePoints="11" visitedSequencePoints="11" numBranchPoints="0" visitedBranchPoints="0" sequenceCoverage="100.0" branchCoverage="0" maxCyclomaticComplexity="0" minCyclomaticComplexity="0" maxCrapScore="0" minCrapScore="0" visitedClasses="0" numClasses="0" visitedMethods="1" numMethods="1" />
              <MetadataToken>100663434</MetadataToken>
              <Name>System.Void MindfulnessAudioManager::StopSpeech()</Name>
              <FileRef uid="11" />
              <SequencePoints>
                <SequencePoint vc="4" uspid="2410" ordinal="0" offset="0" sl="40" sc="5" el="40" ec="5" bec="0" bev="0" fileid="11" />
                <SequencePoint vc="4" uspid="2411" ordinal="0" offset="1" sl="41" sc="9" el="41" ec="9" bec="0" bev="0" fileid="11" />
                <SequencePoint vc="1" uspid="2412" ordinal="0" offset="14" sl="42" sc="9" el="42" ec="9" bec="0" bev="0" fileid="11" />
                <SequencePoint vc="1" uspid="2413" ordinal="0" offset="15" sl="43" sc="13" el="43" ec="13" bec="0" bev="0" fileid="11" />
                <SequencePoint vc="1" uspid="2414" ordinal="0" offset="28" sl="44" sc="13" el="44" ec="13" bec="0" bev="0" fileid="11" />
                <SequencePoint vc="1" uspid="2415" ordinal="0" offset="35" sl="45" sc="9" el="45" ec="9" bec="0" bev="0" fileid="11" />
                <SequencePoint vc="4" uspid="2416" ordinal="0" offset="36" sl="47" sc="9" el="47" ec="9" bec="0" bev="0" fileid="11" />
                <SequencePoint vc="1" uspid="2417" ordinal="0" offset="68" sl="48" sc="9" el="48" ec="9" bec="0" bev="0" fileid="11" />
                <SequencePoint vc="1" uspid="2418" ordinal="0" offset="69" sl="49" sc="13" el="49" ec="13" bec="0" bev="0" fileid="11" />
                <SequencePoint vc="1" uspid="2419" ordinal="0" offset="81" sl="50" sc="9" el="50" ec="9" bec="0" bev="0" fileid="11" />
                <SequencePoint vc="4" uspid="2420" ordinal="0" offset="82" sl="51" sc="5" el="51" ec="5" bec="0" bev="0" fileid="11" />
              </SequencePoints>
              <BranchPoints />
            </Method>
            <Method visited="true" cyclomaticComplexity="0" nPathComplexity="0" sequenceCoverage="100.0" branchCoverage="0" crapScore="0" isConstructor="true" isStatic="false" isGetter="false" isSetter="false">
              <Summary numSequencePoints="1" visitedSequencePoints="1" numBranchPoints="0" visitedBranchPoints="0" sequenceCoverage="100.0" branchCoverage="0" maxCyclomaticComplexity="0" minCyclomaticComplexity="0" maxCrapScore="0" minCrapScore="0" visitedClasses="0" numClasses="0" visitedMethods="1" numMethods="1" />
              <MetadataToken>100663436</MetadataToken>
              <Name>MindfulnessAudioManager::MindfulnessAudioManager()</Name>
              <FileRef uid="11" />
              <SequencePoints>
                <SequencePoint vc="5" uspid="2421" ordinal="0" offset="0" sl="9" sc="22" el="9" ec="22" bec="0" bev="0" fileid="11" />
              </SequencePoints>
              <BranchPoints />
            </Method>
          </Methods>
        </Class>
        <Class>
          <Summary numSequencePoints="30" visitedSequencePoints="30" numBranchPoints="0" visitedBranchPoints="0" sequenceCoverage="100.0" branchCoverage="0.0" maxCyclomaticComplexity="0" minCyclomaticComplexity="0" maxCrapScore="0" minCrapScore="0" visitedClasses="1" numClasses="1" visitedMethods="5" numMethods="5" />
          <FullName>RandomizeAudio</FullName>
          <Methods>
            <Method visited="true" cyclomaticComplexity="0" nPathComplexity="0" sequenceCoverage="100.0" branchCoverage="0" crapScore="0" isConstructor="false" isStatic="false" isGetter="false" isSetter="false">
              <Summary numSequencePoints="7" visitedSequencePoints="7" numBranchPoints="0" visitedBranchPoints="0" sequenceCoverage="100.0" branchCoverage="0" maxCyclomaticComplexity="0" minCyclomaticComplexity="0" maxCrapScore="0" minCrapScore="0" visitedClasses="0" numClasses="0" visitedMethods="1" numMethods="1" />
              <MetadataToken>100663437</MetadataToken>
              <Name>System.Void RandomizeAudio::Start()</Name>
              <FileRef uid="12" />
              <SequencePoints>
                <SequencePoint vc="7" uspid="2422" ordinal="0" offset="0" sl="16" sc="5" el="16" ec="5" bec="0" bev="0" fileid="12" />
                <SequencePoint vc="7" uspid="2423" ordinal="0" offset="1" sl="17" sc="9" el="17" ec="9" bec="0" bev="0" fileid="12" />
                <SequencePoint vc="7" uspid="2424" ordinal="0" offset="13" sl="19" sc="9" el="19" ec="9" bec="0" bev="0" fileid="12" />
                <SequencePoint vc="7" uspid="2425" ordinal="0" offset="29" sl="20" sc="13" el="20" ec="13" bec="0" bev="0" fileid="12" />
                <SequencePoint vc="7" uspid="2426" ordinal="0" offset="41" sl="22" sc="9" el="22" ec="9" bec="0" bev="0" fileid="12" />
                <SequencePoint vc="7" uspid="2427" ordinal="0" offset="57" sl="23" sc="13" el="23" ec="13" bec="0" bev="0" fileid="12" />
                <SequencePoint vc="7" uspid="2428" ordinal="0" offset="69" sl="24" sc="5" el="24" ec="5" bec="0" bev="0" fileid="12" />
              </SequencePoints>
              <BranchPoints />
            </Method>
            <Method visited="true" cyclomaticComplexity="0" nPathComplexity="0" sequenceCoverage="100.0" branchCoverage="0" crapScore="0" isConstructor="false" isStatic="false" isGetter="false" isSetter="false">
              <Summary numSequencePoints="4" visitedSequencePoints="4" numBranchPoints="0" visitedBranchPoints="0" sequenceCoverage="100.0" branchCoverage="0" maxCyclomaticComplexity="0" minCyclomaticComplexity="0" maxCrapScore="0" minCrapScore="0" visitedClasses="0" numClasses="0" visitedMethods="1" numMethods="1" />
              <MetadataToken>100663438</MetadataToken>
              <Name>System.Void RandomizeAudio::EnableCollider(System.Boolean)</Name>
              <FileRef uid="12" />
              <SequencePoints>
                <SequencePoint vc="2" uspid="2429" ordinal="0" offset="0" sl="27" sc="5" el="27" ec="5" bec="0" bev="0" fileid="12" />
                <SequencePoint vc="2" uspid="2430" ordinal="0" offset="1" sl="28" sc="9" el="28" ec="9" bec="0" bev="0" fileid="12" />
                <SequencePoint vc="2" uspid="2431" ordinal="0" offset="16" sl="29" sc="13" el="29" ec="13" bec="0" bev="0" fileid="12" />
                <SequencePoint vc="2" uspid="2432" ordinal="0" offset="29" sl="30" sc="5" el="30" ec="5" bec="0" bev="0" fileid="12" />
              </SequencePoints>
              <BranchPoints />
            </Method>
            <Method visited="true" cyclomaticComplexity="0" nPathComplexity="0" sequenceCoverage="100.0" branchCoverage="0" crapScore="0" isConstructor="false" isStatic="false" isGetter="false" isSetter="false">
              <Summary numSequencePoints="8" visitedSequencePoints="8" numBranchPoints="0" visitedBranchPoints="0" sequenceCoverage="100.0" branchCoverage="0" maxCyclomaticComplexity="0" minCyclomaticComplexity="0" maxCrapScore="0" minCrapScore="0" visitedClasses="0" numClasses="0" visitedMethods="1" numMethods="1" />
              <MetadataToken>100663439</MetadataToken>
              <Name>System.Void RandomizeAudio::StartSoundRandomly()</Name>
              <FileRef uid="12" />
              <SequencePoints>
                <SequencePoint vc="5" uspid="2433" ordinal="0" offset="0" sl="33" sc="5" el="33" ec="5" bec="0" bev="0" fileid="12" />
                <SequencePoint vc="5" uspid="2434" ordinal="0" offset="1" sl="34" sc="9" el="34" ec="9" bec="0" bev="0" fileid="12" />
                <SequencePoint vc="3" uspid="2435" ordinal="0" offset="44" sl="35" sc="13" el="35" ec="13" bec="0" bev="0" fileid="12" />
                <SequencePoint vc="2" uspid="2436" ordinal="0" offset="64" sl="36" sc="14" el="36" ec="14" bec="0" bev="0" fileid="12" />
                <SequencePoint vc="1" uspid="2437" ordinal="0" offset="96" sl="37" sc="9" el="37" ec="9" bec="0" bev="0" fileid="12" />
                <SequencePoint vc="1" uspid="2438" ordinal="0" offset="97" sl="38" sc="13" el="38" ec="13" bec="0" bev="0" fileid="12" />
                <SequencePoint vc="1" uspid="2439" ordinal="0" offset="109" sl="39" sc="9" el="39" ec="9" bec="0" bev="0" fileid="12" />
                <SequencePoint vc="5" uspid="2440" ordinal="0" offset="110" sl="40" sc="5" el="40" ec="5" bec="0" bev="0" fileid="12" />
              </SequencePoints>
              <BranchPoints />
            </Method>
            <Method visited="true" cyclomaticComplexity="0" nPathComplexity="0" sequenceCoverage="100.0" branchCoverage="0" crapScore="0" isConstructor="false" isStatic="false" isGetter="false" isSetter="false">
              <Summary numSequencePoints="9" visitedSequencePoints="9" numBranchPoints="0" visitedBranchPoints="0" sequenceCoverage="100.0" branchCoverage="0" maxCyclomaticComplexity="0" minCyclomaticComplexity="0" maxCrapScore="0" minCrapScore="0" visitedClasses="0" numClasses="0" visitedMethods="1" numMethods="1" />
              <MetadataToken>100663441</MetadataToken>
              <Name>System.Void RandomizeAudio::StopRandomSound()</Name>
              <FileRef uid="12" />
              <SequencePoints>
                <SequencePoint vc="1" uspid="2441" ordinal="0" offset="0" sl="53" sc="5" el="53" ec="5" bec="0" bev="0" fileid="12" />
                <SequencePoint vc="1" uspid="2442" ordinal="0" offset="1" sl="54" sc="9" el="54" ec="9" bec="0" bev="0" fileid="12" />
                <SequencePoint vc="1" uspid="2443" ordinal="0" offset="14" sl="55" sc="9" el="55" ec="9" bec="0" bev="0" fileid="12" />
                <SequencePoint vc="1" uspid="2444" ordinal="0" offset="15" sl="56" sc="13" el="56" ec="13" bec="0" bev="0" fileid="12" />
                <SequencePoint vc="1" uspid="2445" ordinal="0" offset="28" sl="57" sc="13" el="57" ec="13" bec="0" bev="0" fileid="12" />
                <SequencePoint vc="1" uspid="2446" ordinal="0" offset="35" sl="58" sc="9" el="58" ec="9" bec="0" bev="0" fileid="12" />
                <SequencePoint vc="1" uspid="2447" ordinal="0" offset="36" sl="60" sc="9" el="60" ec="9" bec="0" bev="0" fileid="12" />
                <SequencePoint vc="1" uspid="2448" ordinal="0" offset="52" sl="61" sc="13" el="61" ec="13" bec="0" bev="0" fileid="12" />
                <SequencePoint vc="1" uspid="2449" ordinal="0" offset="64" sl="62" sc="5" el="62" ec="5" bec="0" bev="0" fileid="12" />
              </SequencePoints>
              <BranchPoints />
            </Method>
            <Method visited="true" cyclomaticComplexity="0" nPathComplexity="0" sequenceCoverage="100.0" branchCoverage="0" crapScore="0" isConstructor="true" isStatic="false" isGetter="false" isSetter="false">
              <Summary numSequencePoints="2" visitedSequencePoints="2" numBranchPoints="0" visitedBranchPoints="0" sequenceCoverage="100.0" branchCoverage="0" maxCyclomaticComplexity="0" minCyclomaticComplexity="0" maxCrapScore="0" minCrapScore="0" visitedClasses="0" numClasses="0" visitedMethods="1" numMethods="1" />
              <MetadataToken>100663442</MetadataToken>
              <Name>RandomizeAudio::RandomizeAudio()</Name>
              <FileRef uid="12" />
              <SequencePoints>
                <SequencePoint vc="7" uspid="2450" ordinal="0" offset="0" sl="7" sc="22" el="7" ec="22" bec="0" bev="0" fileid="12" />
                <SequencePoint vc="7" uspid="2451" ordinal="0" offset="11" sl="8" sc="22" el="8" ec="22" bec="0" bev="0" fileid="12" />
              </SequencePoints>
              <BranchPoints />
            </Method>
          </Methods>
        </Class>
        <Class>
          <Summary numSequencePoints="6" visitedSequencePoints="6" numBranchPoints="0" visitedBranchPoints="0" sequenceCoverage="100.0" branchCoverage="0.0" maxCyclomaticComplexity="0" minCyclomaticComplexity="0" maxCrapScore="0" minCrapScore="0" visitedClasses="1" numClasses="1" visitedMethods="2" numMethods="2" />
          <FullName>RotatingCamera</FullName>
          <Methods>
            <Method visited="true" cyclomaticComplexity="0" nPathComplexity="0" sequenceCoverage="100.0" branchCoverage="0" crapScore="0" isConstructor="false" isStatic="false" isGetter="false" isSetter="false">
              <Summary numSequencePoints="4" visitedSequencePoints="4" numBranchPoints="0" visitedBranchPoints="0" sequenceCoverage="100.0" branchCoverage="0" maxCyclomaticComplexity="0" minCyclomaticComplexity="0" maxCrapScore="0" minCrapScore="0" visitedClasses="0" numClasses="0" visitedMethods="1" numMethods="1" />
              <MetadataToken>100663443</MetadataToken>
              <Name>System.Void RotatingCamera::Update()</Name>
              <FileRef uid="13" />
              <SequencePoints>
                <SequencePoint vc="3" uspid="2452" ordinal="0" offset="0" sl="9" sc="5" el="9" ec="5" bec="0" bev="0" fileid="13" />
                <SequencePoint vc="3" uspid="2453" ordinal="0" offset="1" sl="10" sc="9" el="10" ec="9" bec="0" bev="0" fileid="13" />
                <SequencePoint vc="3" uspid="2454" ordinal="0" offset="14" sl="12" sc="9" el="12" ec="9" bec="0" bev="0" fileid="13" />
                <SequencePoint vc="3" uspid="2455" ordinal="0" offset="38" sl="13" sc="5" el="13" ec="5" bec="0" bev="0" fileid="13" />
              </SequencePoints>
              <BranchPoints />
            </Method>
            <Method visited="true" cyclomaticComplexity="0" nPathComplexity="0" sequenceCoverage="100.0" branchCoverage="0" crapScore="0" isConstructor="true" isStatic="false" isGetter="false" isSetter="false">
              <Summary numSequencePoints="2" visitedSequencePoints="2" numBranchPoints="0" visitedBranchPoints="0" sequenceCoverage="100.0" branchCoverage="0" maxCyclomaticComplexity="0" minCyclomaticComplexity="0" maxCrapScore="0" minCrapScore="0" visitedClasses="0" numClasses="0" visitedMethods="1" numMethods="1" />
              <MetadataToken>100663444</MetadataToken>
              <Name>RotatingCamera::RotatingCamera()</Name>
              <FileRef uid="13" />
              <SequencePoints>
                <SequencePoint vc="3" uspid="2456" ordinal="0" offset="0" sl="5" sc="26" el="5" ec="26" bec="0" bev="0" fileid="13" />
                <SequencePoint vc="3" uspid="2457" ordinal="0" offset="11" sl="6" sc="5" el="6" ec="5" bec="0" bev="0" fileid="13" />
              </SequencePoints>
              <BranchPoints />
            </Method>
          </Methods>
        </Class>
        <Class>
          <Summary numSequencePoints="124" visitedSequencePoints="118" numBranchPoints="0" visitedBranchPoints="0" sequenceCoverage="95.16" branchCoverage="0.0" maxCyclomaticComplexity="0" minCyclomaticComplexity="0" maxCrapScore="0" minCrapScore="0" visitedClasses="1" numClasses="1" visitedMethods="9" numMethods="9" />
          <FullName>SceneLightUIController</FullName>
          <Methods>
            <Method visited="true" cyclomaticComplexity="0" nPathComplexity="0" sequenceCoverage="100.0" branchCoverage="0" crapScore="0" isConstructor="false" isStatic="false" isGetter="false" isSetter="false">
              <Summary numSequencePoints="8" visitedSequencePoints="8" numBranchPoints="0" visitedBranchPoints="0" sequenceCoverage="100.0" branchCoverage="0" maxCyclomaticComplexity="0" minCyclomaticComplexity="0" maxCrapScore="0" minCrapScore="0" visitedClasses="0" numClasses="0" visitedMethods="1" numMethods="1" />
              <MetadataToken>100663445</MetadataToken>
              <Name>System.Void SceneLightUIController::Awake()</Name>
              <FileRef uid="14" />
              <SequencePoints>
                <SequencePoint vc="5" uspid="2458" ordinal="0" offset="0" sl="24" sc="5" el="24" ec="5" bec="0" bev="0" fileid="14" />
                <SequencePoint vc="5" uspid="2459" ordinal="0" offset="1" sl="25" sc="9" el="25" ec="9" bec="0" bev="0" fileid="14" />
                <SequencePoint vc="5" uspid="2460" ordinal="0" offset="18" sl="26" sc="9" el="26" ec="9" bec="0" bev="0" fileid="14" />
                <SequencePoint vc="5" uspid="2461" ordinal="0" offset="31" sl="27" sc="9" el="27" ec="9" bec="0" bev="0" fileid="14" />
                <SequencePoint vc="5" uspid="2462" ordinal="0" offset="48" sl="29" sc="9" el="29" ec="9" bec="0" bev="0" fileid="14" />
                <SequencePoint vc="5" uspid="2463" ordinal="0" offset="75" sl="30" sc="9" el="30" ec="9" bec="0" bev="0" fileid="14" />
                <SequencePoint vc="5" uspid="2464" ordinal="0" offset="92" sl="31" sc="9" el="31" ec="9" bec="0" bev="0" fileid="14" />
                <SequencePoint vc="5" uspid="2465" ordinal="0" offset="109" sl="32" sc="5" el="32" ec="5" bec="0" bev="0" fileid="14" />
              </SequencePoints>
              <BranchPoints />
            </Method>
            <Method visited="true" cyclomaticComplexity="0" nPathComplexity="0" sequenceCoverage="100.0" branchCoverage="0" crapScore="0" isConstructor="false" isStatic="false" isGetter="false" isSetter="false">
              <Summary numSequencePoints="15" visitedSequencePoints="15" numBranchPoints="0" visitedBranchPoints="0" sequenceCoverage="100.0" branchCoverage="0" maxCyclomaticComplexity="0" minCyclomaticComplexity="0" maxCrapScore="0" minCrapScore="0" visitedClasses="0" numClasses="0" visitedMethods="1" numMethods="1" />
              <MetadataToken>100663446</MetadataToken>
              <Name>System.Void SceneLightUIController::Update()</Name>
              <FileRef uid="14" />
              <SequencePoints>
                <SequencePoint vc="7" uspid="2466" ordinal="0" offset="0" sl="35" sc="5" el="35" ec="5" bec="0" bev="0" fileid="14" />
                <SequencePoint vc="7" uspid="2467" ordinal="0" offset="1" sl="36" sc="9" el="36" ec="9" bec="0" bev="0" fileid="14" />
                <SequencePoint vc="1" uspid="2468" ordinal="0" offset="17" sl="36" sc="34" el="36" ec="34" bec="0" bev="0" fileid="14" />
                <SequencePoint vc="6" uspid="2469" ordinal="0" offset="22" sl="38" sc="9" el="38" ec="9" bec="0" bev="0" fileid="14" />
                <SequencePoint vc="5" uspid="2470" ordinal="0" offset="42" sl="39" sc="9" el="39" ec="9" bec="0" bev="0" fileid="14" />
                <SequencePoint vc="5" uspid="2471" ordinal="0" offset="43" sl="40" sc="13" el="40" ec="13" bec="0" bev="0" fileid="14" />
                <SequencePoint vc="4" uspid="2472" ordinal="0" offset="60" sl="40" sc="29" el="40" ec="29" bec="0" bev="0" fileid="14" />
                <SequencePoint vc="5" uspid="2473" ordinal="0" offset="73" sl="41" sc="13" el="41" ec="13" bec="0" bev="0" fileid="14" />
                <SequencePoint vc="1" uspid="2474" ordinal="0" offset="75" sl="44" sc="9" el="44" ec="9" bec="0" bev="0" fileid="14" />
                <SequencePoint vc="1" uspid="2475" ordinal="0" offset="95" sl="44" sc="26" el="44" ec="26" bec="0" bev="0" fileid="14" />
                <SequencePoint vc="1" uspid="2476" ordinal="0" offset="108" sl="46" sc="9" el="46" ec="9" bec="0" bev="0" fileid="14" />
                <SequencePoint vc="1" uspid="2477" ordinal="0" offset="125" sl="47" sc="9" el="47" ec="9" bec="0" bev="0" fileid="14" />
                <SequencePoint vc="1" uspid="2478" ordinal="0" offset="159" sl="49" sc="9" el="49" ec="9" bec="0" bev="0" fileid="14" />
                <SequencePoint vc="1" uspid="2479" ordinal="0" offset="173" sl="50" sc="9" el="50" ec="9" bec="0" bev="0" fileid="14" />
                <SequencePoint vc="7" uspid="2480" ordinal="0" offset="187" sl="51" sc="5" el="51" ec="5" bec="0" bev="0" fileid="14" />
              </SequencePoints>
              <BranchPoints />
            </Method>
            <Method visited="true" cyclomaticComplexity="0" nPathComplexity="0" sequenceCoverage="97.50" branchCoverage="0" crapScore="0" isConstructor="false" isStatic="false" isGetter="false" isSetter="false">
              <Summary numSequencePoints="40" visitedSequencePoints="39" numBranchPoints="0" visitedBranchPoints="0" sequenceCoverage="97.50" branchCoverage="0" maxCyclomaticComplexity="0" minCyclomaticComplexity="0" maxCrapScore="0" minCrapScore="0" visitedClasses="0" numClasses="0" visitedMethods="1" numMethods="1" />
              <MetadataToken>100663447</MetadataToken>
              <Name>System.Void SceneLightUIController::Start()</Name>
              <FileRef uid="14" />
              <SequencePoints>
                <SequencePoint vc="5" uspid="2481" ordinal="0" offset="0" sl="54" sc="5" el="54" ec="5" bec="0" bev="0" fileid="14" />
                <SequencePoint vc="5" uspid="2482" ordinal="0" offset="1" sl="55" sc="9" el="55" ec="9" bec="0" bev="0" fileid="14" />
                <SequencePoint vc="1" uspid="2483" ordinal="0" offset="17" sl="56" sc="9" el="56" ec="9" bec="0" bev="0" fileid="14" />
                <SequencePoint vc="1" uspid="2484" ordinal="0" offset="18" sl="57" sc="13" el="57" ec="13" bec="0" bev="0" fileid="14" />
                <SequencePoint vc="1" uspid="2485" ordinal="0" offset="29" sl="58" sc="13" el="58" ec="13" bec="0" bev="0" fileid="14" />
                <SequencePoint vc="4" uspid="2486" ordinal="0" offset="34" sl="61" sc="9" el="61" ec="9" bec="0" bev="0" fileid="14" />
                <SequencePoint vc="3" uspid="2487" ordinal="0" offset="50" sl="62" sc="9" el="62" ec="9" bec="0" bev="0" fileid="14" />
                <SequencePoint vc="3" uspid="2488" ordinal="0" offset="51" sl="63" sc="13" el="63" ec="13" bec="0" bev="0" fileid="14" />
                <SequencePoint vc="3" uspid="2489" ordinal="0" offset="68" sl="64" sc="13" el="64" ec="13" bec="0" bev="0" fileid="14" />
                <SequencePoint vc="3" uspid="2490" ordinal="0" offset="85" sl="65" sc="13" el="65" ec="13" bec="0" bev="0" fileid="14" />
                <SequencePoint vc="3" uspid="2491" ordinal="0" offset="108" sl="66" sc="13" el="66" ec="13" bec="0" bev="0" fileid="14" />
                <SequencePoint vc="3" uspid="2492" ordinal="0" offset="137" sl="67" sc="9" el="67" ec="9" bec="0" bev="0" fileid="14" />
                <SequencePoint vc="4" uspid="2493" ordinal="0" offset="138" sl="69" sc="9" el="69" ec="9" bec="0" bev="0" fileid="14" />
                <SequencePoint vc="3" uspid="2494" ordinal="0" offset="174" sl="70" sc="9" el="70" ec="9" bec="0" bev="0" fileid="14" />
                <SequencePoint vc="3" uspid="2495" ordinal="0" offset="175" sl="71" sc="13" el="71" ec="13" bec="0" bev="0" fileid="14" />
                <SequencePoint vc="3" uspid="2496" ordinal="0" offset="201" sl="73" sc="13" el="73" ec="13" bec="0" bev="0" fileid="14" />
                <SequencePoint vc="3" uspid="2497" ordinal="0" offset="219" sl="74" sc="13" el="74" ec="13" bec="0" bev="0" fileid="14" />
                <SequencePoint vc="3" uspid="2498" ordinal="0" offset="220" sl="75" sc="17" el="75" ec="17" bec="0" bev="0" fileid="14" />
                <SequencePoint vc="3" uspid="2499" ordinal="0" offset="237" sl="76" sc="17" el="76" ec="17" bec="0" bev="0" fileid="14" />
                <SequencePoint vc="3" uspid="2500" ordinal="0" offset="254" sl="77" sc="17" el="77" ec="17" bec="0" bev="0" fileid="14" />
                <SequencePoint vc="3" uspid="2501" ordinal="0" offset="272" sl="78" sc="17" el="78" ec="17" bec="0" bev="0" fileid="14" />
                <SequencePoint vc="3" uspid="2502" ordinal="0" offset="301" sl="79" sc="13" el="79" ec="13" bec="0" bev="0" fileid="14" />
                <SequencePoint vc="3" uspid="2503" ordinal="0" offset="302" sl="81" sc="13" el="81" ec="13" bec="0" bev="0" fileid="14" />
                <SequencePoint vc="3" uspid="2504" ordinal="0" offset="320" sl="82" sc="13" el="82" ec="13" bec="0" bev="0" fileid="14" />
                <SequencePoint vc="3" uspid="2505" ordinal="0" offset="321" sl="83" sc="17" el="83" ec="17" bec="0" bev="0" fileid="14" />
                <SequencePoint vc="3" uspid="2506" ordinal="0" offset="338" sl="84" sc="17" el="84" ec="17" bec="0" bev="0" fileid="14" />
                <SequencePoint vc="3" uspid="2507" ordinal="0" offset="355" sl="86" sc="17" el="86" ec="17" bec="0" bev="0" fileid="14" />
                <SequencePoint vc="3" uspid="2508" ordinal="0" offset="363" sl="87" sc="17" el="87" ec="17" bec="0" bev="0" fileid="14" />
                <SequencePoint vc="0" uspid="2509" ordinal="0" offset="378" sl="87" sc="31" el="87" ec="31" bec="0" bev="0" fileid="14" />
                <SequencePoint vc="3" uspid="2510" ordinal="0" offset="388" sl="88" sc="17" el="88" ec="17" bec="0" bev="0" fileid="14" />
                <SequencePoint vc="3" uspid="2511" ordinal="0" offset="417" sl="89" sc="17" el="89" ec="17" bec="0" bev="0" fileid="14" />
                <SequencePoint vc="3" uspid="2512" ordinal="0" offset="446" sl="90" sc="13" el="90" ec="13" bec="0" bev="0" fileid="14" />
                <SequencePoint vc="3" uspid="2513" ordinal="0" offset="447" sl="91" sc="9" el="91" ec="9" bec="0" bev="0" fileid="14" />
                <SequencePoint vc="4" uspid="2514" ordinal="0" offset="448" sl="93" sc="9" el="93" ec="9" bec="0" bev="0" fileid="14" />
                <SequencePoint vc="3" uspid="2515" ordinal="0" offset="466" sl="94" sc="13" el="94" ec="13" bec="0" bev="0" fileid="14" />
                <SequencePoint vc="4" uspid="2516" ordinal="0" offset="503" sl="96" sc="9" el="96" ec="9" bec="0" bev="0" fileid="14" />
                <SequencePoint vc="3" uspid="2517" ordinal="0" offset="521" sl="97" sc="13" el="97" ec="13" bec="0" bev="0" fileid="14" />
                <SequencePoint vc="4" uspid="2518" ordinal="0" offset="558" sl="99" sc="9" el="99" ec="9" bec="0" bev="0" fileid="14" />
                <SequencePoint vc="3" uspid="2519" ordinal="0" offset="576" sl="100" sc="13" el="100" ec="13" bec="0" bev="0" fileid="14" />
                <SequencePoint vc="5" uspid="2520" ordinal="0" offset="613" sl="101" sc="5" el="101" ec="5" bec="0" bev="0" fileid="14" />
              </SequencePoints>
              <BranchPoints />
            </Method>
            <Method visited="true" cyclomaticComplexity="0" nPathComplexity="0" sequenceCoverage="100.0" branchCoverage="0" crapScore="0" isConstructor="false" isStatic="false" isGetter="false" isSetter="false">
              <Summary numSequencePoints="8" visitedSequencePoints="8" numBranchPoints="0" visitedBranchPoints="0" sequenceCoverage="100.0" branchCoverage="0" maxCyclomaticComplexity="0" minCyclomaticComplexity="0" maxCrapScore="0" minCrapScore="0" visitedClasses="0" numClasses="0" visitedMethods="1" numMethods="1" />
              <MetadataToken>100663448</MetadataToken>
              <Name>System.Void SceneLightUIController::OnDestroy()</Name>
              <FileRef uid="14" />
              <SequencePoints>
                <SequencePoint vc="5" uspid="2521" ordinal="0" offset="0" sl="104" sc="5" el="104" ec="5" bec="0" bev="0" fileid="14" />
                <SequencePoint vc="5" uspid="2522" ordinal="0" offset="1" sl="105" sc="9" el="105" ec="9" bec="0" bev="0" fileid="14" />
                <SequencePoint vc="3" uspid="2523" ordinal="0" offset="17" sl="106" sc="13" el="106" ec="13" bec="0" bev="0" fileid="14" />
                <SequencePoint vc="5" uspid="2524" ordinal="0" offset="46" sl="107" sc="9" el="107" ec="9" bec="0" bev="0" fileid="14" />
                <SequencePoint vc="3" uspid="2525" ordinal="0" offset="62" sl="108" sc="13" el="108" ec="13" bec="0" bev="0" fileid="14" />
                <SequencePoint vc="5" uspid="2526" ordinal="0" offset="91" sl="109" sc="9" el="109" ec="9" bec="0" bev="0" fileid="14" />
                <SequencePoint vc="3" uspid="2527" ordinal="0" offset="107" sl="110" sc="13" el="110" ec="13" bec="0" bev="0" fileid="14" />
                <SequencePoint vc="5" uspid="2528" ordinal="0" offset="136" sl="111" sc="5" el="111" ec="5" bec="0" bev="0" fileid="14" />
              </SequencePoints>
              <BranchPoints />
            </Method>
            <Method visited="true" cyclomaticComplexity="0" nPathComplexity="0" sequenceCoverage="85.71" branchCoverage="0" crapScore="0" isConstructor="false" isStatic="false" isGetter="false" isSetter="false">
              <Summary numSequencePoints="7" visitedSequencePoints="6" numBranchPoints="0" visitedBranchPoints="0" sequenceCoverage="85.71" branchCoverage="0" maxCyclomaticComplexity="0" minCyclomaticComplexity="0" maxCrapScore="0" minCrapScore="0" visitedClasses="0" numClasses="0" visitedMethods="1" numMethods="1" />
              <MetadataToken>100663449</MetadataToken>
              <Name>System.Void SceneLightUIController::OnIntensityChanged(System.Single)</Name>
              <FileRef uid="14" />
              <SequencePoints>
                <SequencePoint vc="1" uspid="2529" ordinal="0" offset="0" sl="114" sc="5" el="114" ec="5" bec="0" bev="0" fileid="14" />
                <SequencePoint vc="1" uspid="2530" ordinal="0" offset="1" sl="115" sc="9" el="115" ec="9" bec="0" bev="0" fileid="14" />
                <SequencePoint vc="0" uspid="2531" ordinal="0" offset="17" sl="115" sc="34" el="115" ec="34" bec="0" bev="0" fileid="14" />
                <SequencePoint vc="1" uspid="2532" ordinal="0" offset="19" sl="116" sc="9" el="116" ec="9" bec="0" bev="0" fileid="14" />
                <SequencePoint vc="1" uspid="2533" ordinal="0" offset="32" sl="118" sc="9" el="118" ec="9" bec="0" bev="0" fileid="14" />
                <SequencePoint vc="1" uspid="2534" ordinal="0" offset="48" sl="119" sc="13" el="119" ec="13" bec="0" bev="0" fileid="14" />
                <SequencePoint vc="1" uspid="2535" ordinal="0" offset="72" sl="120" sc="5" el="120" ec="5" bec="0" bev="0" fileid="14" />
              </SequencePoints>
              <BranchPoints />
            </Method>
            <Method visited="true" cyclomaticComplexity="0" nPathComplexity="0" sequenceCoverage="88.89" branchCoverage="0" crapScore="0" isConstructor="false" isStatic="false" isGetter="false" isSetter="false">
              <Summary numSequencePoints="9" visitedSequencePoints="8" numBranchPoints="0" visitedBranchPoints="0" sequenceCoverage="88.89" branchCoverage="0" maxCyclomaticComplexity="0" minCyclomaticComplexity="0" maxCrapScore="0" minCrapScore="0" visitedClasses="0" numClasses="0" visitedMethods="1" numMethods="1" />
              <MetadataToken>100663450</MetadataToken>
              <Name>System.Void SceneLightUIController::OnYRotChanged(System.Single)</Name>
              <FileRef uid="14" />
              <SequencePoints>
                <SequencePoint vc="1" uspid="2536" ordinal="0" offset="0" sl="123" sc="5" el="123" ec="5" bec="0" bev="0" fileid="14" />
                <SequencePoint vc="1" uspid="2537" ordinal="0" offset="1" sl="124" sc="9" el="124" ec="9" bec="0" bev="0" fileid="14" />
                <SequencePoint vc="0" uspid="2538" ordinal="0" offset="17" sl="124" sc="34" el="124" ec="34" bec="0" bev="0" fileid="14" />
                <SequencePoint vc="1" uspid="2539" ordinal="0" offset="19" sl="126" sc="9" el="126" ec="9" bec="0" bev="0" fileid="14" />
                <SequencePoint vc="1" uspid="2540" ordinal="0" offset="44" sl="127" sc="9" el="127" ec="9" bec="0" bev="0" fileid="14" />
                <SequencePoint vc="1" uspid="2541" ordinal="0" offset="52" sl="128" sc="9" el="128" ec="9" bec="0" bev="0" fileid="14" />
                <SequencePoint vc="1" uspid="2542" ordinal="0" offset="75" sl="130" sc="9" el="130" ec="9" bec="0" bev="0" fileid="14" />
                <SequencePoint vc="1" uspid="2543" ordinal="0" offset="91" sl="131" sc="13" el="131" ec="13" bec="0" bev="0" fileid="14" />
                <SequencePoint vc="1" uspid="2544" ordinal="0" offset="115" sl="132" sc="5" el="132" ec="5" bec="0" bev="0" fileid="14" />
              </SequencePoints>
              <BranchPoints />
            </Method>
            <Method visited="true" cyclomaticComplexity="0" nPathComplexity="0" sequenceCoverage="88.89" branchCoverage="0" crapScore="0" isConstructor="false" isStatic="false" isGetter="false" isSetter="false">
              <Summary numSequencePoints="9" visitedSequencePoints="8" numBranchPoints="0" visitedBranchPoints="0" sequenceCoverage="88.89" branchCoverage="0" maxCyclomaticComplexity="0" minCyclomaticComplexity="0" maxCrapScore="0" minCrapScore="0" visitedClasses="0" numClasses="0" visitedMethods="1" numMethods="1" />
              <MetadataToken>100663451</MetadataToken>
              <Name>System.Void SceneLightUIController::OnXRotChanged(System.Single)</Name>
              <FileRef uid="14" />
              <SequencePoints>
                <SequencePoint vc="1" uspid="2545" ordinal="0" offset="0" sl="136" sc="5" el="136" ec="5" bec="0" bev="0" fileid="14" />
                <SequencePoint vc="1" uspid="2546" ordinal="0" offset="1" sl="137" sc="9" el="137" ec="9" bec="0" bev="0" fileid="14" />
                <SequencePoint vc="0" uspid="2547" ordinal="0" offset="17" sl="137" sc="34" el="137" ec="34" bec="0" bev="0" fileid="14" />
                <SequencePoint vc="1" uspid="2548" ordinal="0" offset="19" sl="139" sc="9" el="139" ec="9" bec="0" bev="0" fileid="14" />
                <SequencePoint vc="1" uspid="2549" ordinal="0" offset="44" sl="140" sc="9" el="140" ec="9" bec="0" bev="0" fileid="14" />
                <SequencePoint vc="1" uspid="2550" ordinal="0" offset="52" sl="141" sc="9" el="141" ec="9" bec="0" bev="0" fileid="14" />
                <SequencePoint vc="1" uspid="2551" ordinal="0" offset="75" sl="143" sc="9" el="143" ec="9" bec="0" bev="0" fileid="14" />
                <SequencePoint vc="1" uspid="2552" ordinal="0" offset="91" sl="144" sc="13" el="144" ec="13" bec="0" bev="0" fileid="14" />
                <SequencePoint vc="1" uspid="2553" ordinal="0" offset="115" sl="145" sc="5" el="145" ec="5" bec="0" bev="0" fileid="14" />
              </SequencePoints>
              <BranchPoints />
            </Method>
            <Method visited="true" cyclomaticComplexity="0" nPathComplexity="0" sequenceCoverage="92.59" branchCoverage="0" crapScore="0" isConstructor="false" isStatic="false" isGetter="false" isSetter="false">
              <Summary numSequencePoints="27" visitedSequencePoints="25" numBranchPoints="0" visitedBranchPoints="0" sequenceCoverage="92.59" branchCoverage="0" maxCyclomaticComplexity="0" minCyclomaticComplexity="0" maxCrapScore="0" minCrapScore="0" visitedClasses="0" numClasses="0" visitedMethods="1" numMethods="1" />
              <MetadataToken>100663452</MetadataToken>
              <Name>System.Void SceneLightUIController::UpdateUIFromLight()</Name>
              <FileRef uid="14" />
              <SequencePoints>
                <SequencePoint vc="1" uspid="2554" ordinal="0" offset="0" sl="148" sc="5" el="148" ec="5" bec="0" bev="0" fileid="14" />
                <SequencePoint vc="1" uspid="2555" ordinal="0" offset="1" sl="149" sc="9" el="149" ec="9" bec="0" bev="0" fileid="14" />
                <SequencePoint vc="0" uspid="2556" ordinal="0" offset="17" sl="149" sc="34" el="149" ec="34" bec="0" bev="0" fileid="14" />
                <SequencePoint vc="1" uspid="2557" ordinal="0" offset="22" sl="151" sc="9" el="151" ec="9" bec="0" bev="0" fileid="14" />
                <SequencePoint vc="1" uspid="2558" ordinal="0" offset="38" sl="152" sc="9" el="152" ec="9" bec="0" bev="0" fileid="14" />
                <SequencePoint vc="1" uspid="2559" ordinal="0" offset="39" sl="153" sc="13" el="153" ec="13" bec="0" bev="0" fileid="14" />
                <SequencePoint vc="1" uspid="2560" ordinal="0" offset="62" sl="154" sc="13" el="154" ec="13" bec="0" bev="0" fileid="14" />
                <SequencePoint vc="1" uspid="2561" ordinal="0" offset="78" sl="155" sc="17" el="155" ec="17" bec="0" bev="0" fileid="14" />
                <SequencePoint vc="1" uspid="2562" ordinal="0" offset="115" sl="156" sc="9" el="156" ec="9" bec="0" bev="0" fileid="14" />
                <SequencePoint vc="1" uspid="2563" ordinal="0" offset="116" sl="158" sc="9" el="158" ec="9" bec="0" bev="0" fileid="14" />
                <SequencePoint vc="1" uspid="2564" ordinal="0" offset="142" sl="160" sc="9" el="160" ec="9" bec="0" bev="0" fileid="14" />
                <SequencePoint vc="1" uspid="2565" ordinal="0" offset="160" sl="161" sc="9" el="161" ec="9" bec="0" bev="0" fileid="14" />
                <SequencePoint vc="1" uspid="2566" ordinal="0" offset="161" sl="162" sc="13" el="162" ec="13" bec="0" bev="0" fileid="14" />
                <SequencePoint vc="1" uspid="2567" ordinal="0" offset="179" sl="163" sc="13" el="163" ec="13" bec="0" bev="0" fileid="14" />
                <SequencePoint vc="1" uspid="2568" ordinal="0" offset="197" sl="164" sc="17" el="164" ec="17" bec="0" bev="0" fileid="14" />
                <SequencePoint vc="1" uspid="2569" ordinal="0" offset="226" sl="165" sc="9" el="165" ec="9" bec="0" bev="0" fileid="14" />
                <SequencePoint vc="1" uspid="2570" ordinal="0" offset="227" sl="167" sc="9" el="167" ec="9" bec="0" bev="0" fileid="14" />
                <SequencePoint vc="1" uspid="2571" ordinal="0" offset="245" sl="168" sc="9" el="168" ec="9" bec="0" bev="0" fileid="14" />
                <SequencePoint vc="1" uspid="2572" ordinal="0" offset="246" sl="169" sc="13" el="169" ec="13" bec="0" bev="0" fileid="14" />
                <SequencePoint vc="1" uspid="2573" ordinal="0" offset="254" sl="170" sc="13" el="170" ec="13" bec="0" bev="0" fileid="14" />
                <SequencePoint vc="0" uspid="2574" ordinal="0" offset="269" sl="170" sc="27" el="170" ec="27" bec="0" bev="0" fileid="14" />
                <SequencePoint vc="1" uspid="2575" ordinal="0" offset="279" sl="171" sc="13" el="171" ec="13" bec="0" bev="0" fileid="14" />
                <SequencePoint vc="1" uspid="2576" ordinal="0" offset="298" sl="173" sc="13" el="173" ec="13" bec="0" bev="0" fileid="14" />
                <SequencePoint vc="1" uspid="2577" ordinal="0" offset="312" sl="174" sc="13" el="174" ec="13" bec="0" bev="0" fileid="14" />
                <SequencePoint vc="1" uspid="2578" ordinal="0" offset="330" sl="175" sc="17" el="175" ec="17" bec="0" bev="0" fileid="14" />
                <SequencePoint vc="1" uspid="2579" ordinal="0" offset="354" sl="176" sc="9" el="176" ec="9" bec="0" bev="0" fileid="14" />
                <SequencePoint vc="1" uspid="2580" ordinal="0" offset="355" sl="177" sc="5" el="177" ec="5" bec="0" bev="0" fileid="14" />
              </SequencePoints>
              <BranchPoints />
            </Method>
            <Method visited="true" cyclomaticComplexity="0" nPathComplexity="0" sequenceCoverage="100.0" branchCoverage="0" crapScore="0" isConstructor="true" isStatic="false" isGetter="false" isSetter="false">
              <Summary numSequencePoints="1" visitedSequencePoints="1" numBranchPoints="0" visitedBranchPoints="0" sequenceCoverage="100.0" branchCoverage="0" maxCyclomaticComplexity="0" minCyclomaticComplexity="0" maxCrapScore="0" minCrapScore="0" visitedClasses="0" numClasses="0" visitedMethods="1" numMethods="1" />
              <MetadataToken>100663453</MetadataToken>
              <Name>SceneLightUIController::SceneLightUIController()</Name>
              <FileRef uid="14" />
              <SequencePoints>
                <SequencePoint vc="5" uspid="2581" ordinal="0" offset="0" sl="19" sc="5" el="19" ec="5" bec="0" bev="0" fileid="14" />
              </SequencePoints>
              <BranchPoints />
            </Method>
          </Methods>
        </Class>
        <Class>
          <Summary numSequencePoints="19" visitedSequencePoints="19" numBranchPoints="0" visitedBranchPoints="0" sequenceCoverage="100.0" branchCoverage="0.0" maxCyclomaticComplexity="0" minCyclomaticComplexity="0" maxCrapScore="0" minCrapScore="0" visitedClasses="1" numClasses="1" visitedMethods="7" numMethods="7" />
          <FullName>StateManager</FullName>
          <Methods>
            <Method visited="true" cyclomaticComplexity="0" nPathComplexity="0" sequenceCoverage="100.0" branchCoverage="0" crapScore="0" isConstructor="false" isStatic="true" isGetter="true" isSetter="false">
              <Summary numSequencePoints="1" visitedSequencePoints="1" numBranchPoints="0" visitedBranchPoints="0" sequenceCoverage="100.0" branchCoverage="0" maxCyclomaticComplexity="0" minCyclomaticComplexity="0" maxCrapScore="0" minCrapScore="0" visitedClasses="0" numClasses="0" visitedMethods="1" numMethods="1" />
              <MetadataToken>100663454</MetadataToken>
              <Name>static StateManager StateManager::get_Instance()</Name>
              <FileRef uid="15" />
              <SequencePoints>
                <SequencePoint vc="38" uspid="2582" ordinal="0" offset="0" sl="14" sc="43" el="14" ec="43" bec="0" bev="0" fileid="15" />
              </SequencePoints>
              <BranchPoints />
            </Method>
            <Method visited="true" cyclomaticComplexity="0" nPathComplexity="0" sequenceCoverage="100.0" branchCoverage="0" crapScore="0" isConstructor="false" isStatic="true" isGetter="false" isSetter="true">
              <Summary numSequencePoints="1" visitedSequencePoints="1" numBranchPoints="0" visitedBranchPoints="0" sequenceCoverage="100.0" branchCoverage="0" maxCyclomaticComplexity="0" minCyclomaticComplexity="0" maxCrapScore="0" minCrapScore="0" visitedClasses="0" numClasses="0" visitedMethods="1" numMethods="1" />
              <MetadataToken>100663455</MetadataToken>
              <Name>static System.Void StateManager::set_Instance(StateManager)</Name>
              <FileRef uid="15" />
              <SequencePoints>
                <SequencePoint vc="9" uspid="2583" ordinal="0" offset="0" sl="14" sc="48" el="14" ec="48" bec="0" bev="0" fileid="15" />
              </SequencePoints>
              <BranchPoints />
            </Method>
            <Method visited="true" cyclomaticComplexity="0" nPathComplexity="0" sequenceCoverage="100.0" branchCoverage="0" crapScore="0" isConstructor="false" isStatic="false" isGetter="true" isSetter="false">
              <Summary numSequencePoints="1" visitedSequencePoints="1" numBranchPoints="0" visitedBranchPoints="0" sequenceCoverage="100.0" branchCoverage="0" maxCyclomaticComplexity="0" minCyclomaticComplexity="0" maxCrapScore="0" minCrapScore="0" visitedClasses="0" numClasses="0" visitedMethods="1" numMethods="1" />
              <MetadataToken>100663456</MetadataToken>
              <Name>State StateManager::get_CurrentState()</Name>
              <FileRef uid="15" />
              <SequencePoints>
                <SequencePoint vc="8" uspid="2584" ordinal="0" offset="0" sl="15" sc="33" el="15" ec="33" bec="0" bev="0" fileid="15" />
              </SequencePoints>
              <BranchPoints />
            </Method>
            <Method visited="true" cyclomaticComplexity="0" nPathComplexity="0" sequenceCoverage="100.0" branchCoverage="0" crapScore="0" isConstructor="false" isStatic="false" isGetter="false" isSetter="true">
              <Summary numSequencePoints="1" visitedSequencePoints="1" numBranchPoints="0" visitedBranchPoints="0" sequenceCoverage="100.0" branchCoverage="0" maxCyclomaticComplexity="0" minCyclomaticComplexity="0" maxCrapScore="0" minCrapScore="0" visitedClasses="0" numClasses="0" visitedMethods="1" numMethods="1" />
              <MetadataToken>100663457</MetadataToken>
              <Name>System.Void StateManager::set_CurrentState(State)</Name>
              <FileRef uid="15" />
              <SequencePoints>
                <SequencePoint vc="11" uspid="2585" ordinal="0" offset="0" sl="15" sc="38" el="15" ec="38" bec="0" bev="0" fileid="15" />
              </SequencePoints>
              <BranchPoints />
            </Method>
            <Method visited="true" cyclomaticComplexity="0" nPathComplexity="0" sequenceCoverage="100.0" branchCoverage="0" crapScore="0" isConstructor="false" isStatic="false" isGetter="false" isSetter="false">
              <Summary numSequencePoints="8" visitedSequencePoints="8" numBranchPoints="0" visitedBranchPoints="0" sequenceCoverage="100.0" branchCoverage="0" maxCyclomaticComplexity="0" minCyclomaticComplexity="0" maxCrapScore="0" minCrapScore="0" visitedClasses="0" numClasses="0" visitedMethods="1" numMethods="1" />
              <MetadataToken>100663460</MetadataToken>
              <Name>System.Void StateManager::Awake()</Name>
              <FileRef uid="15" />
              <SequencePoints>
                <SequencePoint vc="10" uspid="2586" ordinal="0" offset="0" sl="19" sc="5" el="19" ec="5" bec="0" bev="0" fileid="15" />
                <SequencePoint vc="10" uspid="2587" ordinal="0" offset="1" sl="20" sc="9" el="20" ec="9" bec="0" bev="0" fileid="15" />
                <SequencePoint vc="9" uspid="2588" ordinal="0" offset="16" sl="21" sc="9" el="21" ec="9" bec="0" bev="0" fileid="15" />
                <SequencePoint vc="9" uspid="2589" ordinal="0" offset="17" sl="22" sc="13" el="22" ec="13" bec="0" bev="0" fileid="15" />
                <SequencePoint vc="9" uspid="2590" ordinal="0" offset="24" sl="23" sc="13" el="23" ec="13" bec="0" bev="0" fileid="15" />
                <SequencePoint vc="9" uspid="2591" ordinal="0" offset="36" sl="24" sc="9" el="24" ec="9" bec="0" bev="0" fileid="15" />
                <SequencePoint vc="1" uspid="2592" ordinal="0" offset="39" sl="26" sc="13" el="26" ec="13" bec="0" bev="0" fileid="15" />
                <SequencePoint vc="10" uspid="2593" ordinal="0" offset="51" sl="27" sc="5" el="27" ec="5" bec="0" bev="0" fileid="15" />
              </SequencePoints>
              <BranchPoints />
            </Method>
            <Method visited="true" cyclomaticComplexity="0" nPathComplexity="0" sequenceCoverage="100.0" branchCoverage="0" crapScore="0" isConstructor="false" isStatic="false" isGetter="false" isSetter="false">
              <Summary numSequencePoints="3" visitedSequencePoints="3" numBranchPoints="0" visitedBranchPoints="0" sequenceCoverage="100.0" branchCoverage="0" maxCyclomaticComplexity="0" minCyclomaticComplexity="0" maxCrapScore="0" minCrapScore="0" visitedClasses="0" numClasses="0" visitedMethods="1" numMethods="1" />
              <MetadataToken>100663461</MetadataToken>
              <Name>System.Void StateManager::Start()</Name>
              <FileRef uid="15" />
              <SequencePoints>
                <SequencePoint vc="7" uspid="2594" ordinal="0" offset="0" sl="30" sc="5" el="30" ec="5" bec="0" bev="0" fileid="15" />
                <SequencePoint vc="7" uspid="2595" ordinal="0" offset="1" sl="31" sc="9" el="31" ec="9" bec="0" bev="0" fileid="15" />
                <SequencePoint vc="7" uspid="2596" ordinal="0" offset="9" sl="32" sc="5" el="32" ec="5" bec="0" bev="0" fileid="15" />
              </SequencePoints>
              <BranchPoints />
            </Method>
            <Method visited="true" cyclomaticComplexity="0" nPathComplexity="0" sequenceCoverage="100.0" branchCoverage="0" crapScore="0" isConstructor="false" isStatic="false" isGetter="false" isSetter="false">
              <Summary numSequencePoints="4" visitedSequencePoints="4" numBranchPoints="0" visitedBranchPoints="0" sequenceCoverage="100.0" branchCoverage="0" maxCyclomaticComplexity="0" minCyclomaticComplexity="0" maxCrapScore="0" minCrapScore="0" visitedClasses="0" numClasses="0" visitedMethods="1" numMethods="1" />
              <MetadataToken>100663462</MetadataToken>
              <Name>System.Void StateManager::UpdateState(State)</Name>
              <FileRef uid="15" />
              <SequencePoints>
                <SequencePoint vc="11" uspid="2597" ordinal="0" offset="0" sl="35" sc="5" el="35" ec="5" bec="0" bev="0" fileid="15" />
                <SequencePoint vc="11" uspid="2598" ordinal="0" offset="1" sl="36" sc="9" el="36" ec="9" bec="0" bev="0" fileid="15" />
                <SequencePoint vc="11" uspid="2599" ordinal="0" offset="9" sl="37" sc="9" el="37" ec="9" bec="0" bev="0" fileid="15" />
                <SequencePoint vc="11" uspid="2600" ordinal="0" offset="28" sl="38" sc="5" el="38" ec="5" bec="0" bev="0" fileid="15" />
              </SequencePoints>
              <BranchPoints />
            </Method>
          </Methods>
        </Class>
        <Class>
          <Summary numSequencePoints="15" visitedSequencePoints="15" numBranchPoints="0" visitedBranchPoints="0" sequenceCoverage="100.0" branchCoverage="0.0" maxCyclomaticComplexity="0" minCyclomaticComplexity="0" maxCrapScore="0" minCrapScore="0" visitedClasses="1" numClasses="1" visitedMethods="1" numMethods="1" />
          <FullName>MindfulnessAudioManager/&lt;StartSpeechCoroutine&gt;d__8</FullName>
          <Methods>
            <Method visited="true" cyclomaticComplexity="0" nPathComplexity="0" sequenceCoverage="100.0" branchCoverage="0" crapScore="0" isConstructor="false" isStatic="false" isGetter="false" isSetter="false">
              <Summary numSequencePoints="15" visitedSequencePoints="15" numBranchPoints="0" visitedBranchPoints="0" sequenceCoverage="100.0" branchCoverage="0" maxCyclomaticComplexity="0" minCyclomaticComplexity="0" maxCrapScore="0" minCrapScore="0" visitedClasses="0" numClasses="0" visitedMethods="1" numMethods="1" />
              <MetadataToken>100663641</MetadataToken>
              <Name>System.Boolean MindfulnessAudioManager/&lt;StartSpeechCoroutine&gt;d__8::MoveNext()</Name>
              <FileRef uid="11" />
              <SequencePoints>
                <SequencePoint vc="3" uspid="3293" ordinal="0" offset="53" sl="54" sc="5" el="54" ec="5" bec="0" bev="0" fileid="11" />
                <SequencePoint vc="3" uspid="3294" ordinal="0" offset="54" sl="55" sc="9" el="55" ec="9" bec="0" bev="0" fileid="11" />
                <SequencePoint vc="3" uspid="3295" ordinal="0" offset="55" sl="55" sc="36" el="55" ec="36" bec="0" bev="0" fileid="11" />
                <SequencePoint vc="6" uspid="3296" ordinal="0" offset="90" sl="55" sc="18" el="55" ec="18" bec="0" bev="0" fileid="11" />
                <SequencePoint vc="6" uspid="3297" ordinal="0" offset="107" sl="56" sc="9" el="56" ec="9" bec="0" bev="0" fileid="11" />
                <SequencePoint vc="6" uspid="3298" ordinal="0" offset="108" sl="57" sc="13" el="57" ec="13" bec="0" bev="0" fileid="11" />
                <SequencePoint vc="2" uspid="3299" ordinal="0" offset="124" sl="57" sc="31" el="57" ec="31" bec="0" bev="0" fileid="11" />
                <SequencePoint vc="4" uspid="3300" ordinal="0" offset="129" sl="59" sc="13" el="59" ec="13" bec="0" bev="0" fileid="11" />
                <SequencePoint vc="4" uspid="3301" ordinal="0" offset="152" sl="60" sc="13" el="60" ec="13" bec="0" bev="0" fileid="11" />
                <SequencePoint vc="4" uspid="3302" ordinal="0" offset="169" sl="62" sc="13" el="62" ec="13" bec="0" bev="0" fileid="11" />
                <SequencePoint vc="2" uspid="3303" ordinal="0" offset="210" sl="64" sc="13" el="64" ec="13" bec="0" bev="0" fileid="11" />
                <SequencePoint vc="2" uspid="3304" ordinal="0" offset="251" sl="65" sc="9" el="65" ec="9" bec="0" bev="0" fileid="11" />
                <SequencePoint vc="7" uspid="3305" ordinal="0" offset="259" sl="55" sc="33" el="55" ec="33" bec="0" bev="0" fileid="11" />
                <SequencePoint vc="1" uspid="3306" ordinal="0" offset="294" sl="67" sc="9" el="67" ec="9" bec="0" bev="0" fileid="11" />
                <SequencePoint vc="1" uspid="3307" ordinal="0" offset="306" sl="68" sc="5" el="68" ec="5" bec="0" bev="0" fileid="11" />
              </SequencePoints>
              <BranchPoints />
            </Method>
          </Methods>
        </Class>
        <Class>
          <Summary numSequencePoints="7" visitedSequencePoints="7" numBranchPoints="0" visitedBranchPoints="0" sequenceCoverage="100.0" branchCoverage="0.0" maxCyclomaticComplexity="0" minCyclomaticComplexity="0" maxCrapScore="0" minCrapScore="0" visitedClasses="1" numClasses="1" visitedMethods="1" numMethods="1" />
          <FullName>RandomizeAudio/&lt;StartSoundRandomlyCoroutine&gt;d__9</FullName>
          <Methods>
            <Method visited="true" cyclomaticComplexity="0" nPathComplexity="0" sequenceCoverage="100.0" branchCoverage="0" crapScore="0" isConstructor="false" isStatic="false" isGetter="false" isSetter="false">
              <Summary numSequencePoints="7" visitedSequencePoints="7" numBranchPoints="0" visitedBranchPoints="0" sequenceCoverage="100.0" branchCoverage="0" maxCyclomaticComplexity="0" minCyclomaticComplexity="0" maxCrapScore="0" minCrapScore="0" visitedClasses="0" numClasses="0" visitedMethods="1" numMethods="1" />
              <MetadataToken>100663648</MetadataToken>
              <Name>System.Boolean RandomizeAudio/&lt;StartSoundRandomlyCoroutine&gt;d__9::MoveNext()</Name>
              <FileRef uid="12" />
              <SequencePoints>
                <SequencePoint vc="4" uspid="3308" ordinal="0" offset="31" sl="43" sc="5" el="43" ec="5" bec="0" bev="0" fileid="12" />
                <SequencePoint vc="6" uspid="3309" ordinal="0" offset="34" sl="45" sc="9" el="45" ec="9" bec="0" bev="0" fileid="12" />
                <SequencePoint vc="6" uspid="3310" ordinal="0" offset="35" sl="46" sc="13" el="46" ec="13" bec="0" bev="0" fileid="12" />
                <SequencePoint vc="2" uspid="3311" ordinal="0" offset="89" sl="47" sc="13" el="47" ec="13" bec="0" bev="0" fileid="12" />
                <SequencePoint vc="2" uspid="3312" ordinal="0" offset="121" sl="48" sc="13" el="48" ec="13" bec="0" bev="0" fileid="12" />
                <SequencePoint vc="2" uspid="3313" ordinal="0" offset="138" sl="49" sc="9" el="49" ec="9" bec="0" bev="0" fileid="12" />
                <SequencePoint vc="6" uspid="3314" ordinal="0" offset="139" sl="44" sc="9" el="44" ec="9" bec="0" bev="0" fileid="12" />
              </SequencePoints>
              <BranchPoints />
            </Method>
          </Methods>
        </Class>
      </Classes>
    </Module>
  </Modules>
</CoverageSession>